nohup: ignoring input
// Initial random seed:
1789824723472

// RunInitializeCallbacks():
initializeTreeSeq();
initializeSex("A");
initializeMutationRate(0);
initializeMutationType(1, 0.5, "f", 0);
initializeGenomicElementType(1, m1, 1);
initializeGenomicElement(g1, 0, 49999999);
initializeRecombinationRate(1e-08, 49999999);

// Starting run at generation <start>:
1 

// Initial random seed:
1789834723481

// RunInitializeCallbacks():
initializeTreeSeq();
initializeSex("A");
initializeMutationRate(0);
initializeMutationType(1, 0.5, "f", 0);
initializeGenomicElementType(1, m1, 1);
initializeGenomicElement(g1, 0, 49999999);
initializeRecombinationRate(1e-08, 49999999);

// Starting run at generation <start>:
1 

// Initial random seed:
1789854723485

// RunInitializeCallbacks():
initializeTreeSeq();
initializeSex("A");
initializeMutationRate(0);
initializeMutationType(1, 0.5, "f", 0);
initializeGenomicElementType(1, m1, 1);
initializeGenomicElement(g1, 0, 49999999);
initializeRecombinationRate(1e-08, 49999999);

// Starting run at generation <start>:
1 

// Initial random seed:
1789874723492

// RunInitializeCallbacks():
initializeTreeSeq();
initializeSex("A");
initializeMutationRate(0);
initializeMutationType(1, 0.5, "f", 0);
initializeGenomicElementType(1, m1, 1);
initializeGenomicElement(g1, 0, 49999999);
initializeRecombinationRate(1e-08, 49999999);

// Starting run at generation <start>:
1 

// Initial random seed:
1789864723491

// RunInitializeCallbacks():
initializeTreeSeq();
initializeSex("A");
initializeMutationRate(0);
initializeMutationType(1, 0.5, "f", 0);
initializeGenomicElementType(1, m1, 1);
initializeGenomicElement(g1, 0, 49999999);
initializeRecombinationRate(1e-08, 49999999);

// Starting run at generation <start>:
1 

// Initial random seed:
1789914723499

// RunInitializeCallbacks():
initializeTreeSeq();
initializeSex("A");
initializeMutationRate(0);
initializeMutationType(1, 0.5, "f", 0);
initializeGenomicElementType(1, m1, 1);
initializeGenomicElement(g1, 0, 49999999);
initializeRecombinationRate(1e-08, 49999999);

// Starting run at generation <start>:
1 

// Initial random seed:
1789844723481

// RunInitializeCallbacks():
initializeTreeSeq();
initializeSex("A");
initializeMutationRate(0);
initializeMutationType(1, 0.5, "f", 0);
initializeGenomicElementType(1, m1, 1);
initializeGenomicElement(g1, 0, 49999999);
initializeRecombinationRate(1e-08, 49999999);

// Starting run at generation <start>:
1 

// Initial random seed:
1789894723496

// RunInitializeCallbacks():
initializeTreeSeq();
initializeSex("A");
initializeMutationRate(0);
initializeMutationType(1, 0.5, "f", 0);
initializeGenomicElementType(1, m1, 1);
initializeGenomicElement(g1, 0, 49999999);
initializeRecombinationRate(1e-08, 49999999);

// Starting run at generation <start>:
1 

// Initial random seed:
1789884723494

// RunInitializeCallbacks():
initializeTreeSeq();
initializeSex("A");
initializeMutationRate(0);
initializeMutationType(1, 0.5, "f", 0);
initializeGenomicElementType(1, m1, 1);
initializeGenomicElement(g1, 0, 49999999);
initializeRecombinationRate(1e-08, 49999999);

// Starting run at generation <start>:
1 

// Initial random seed:
1789924723500

// RunInitializeCallbacks():
initializeTreeSeq();
initializeSex("A");
initializeMutationRate(0);
initializeMutationType(1, 0.5, "f", 0);
initializeGenomicElementType(1, m1, 1);
initializeGenomicElement(g1, 0, 49999999);
initializeRecombinationRate(1e-08, 49999999);

// Starting run at generation <start>:
1 

// Initial random seed:
1789934723501

// RunInitializeCallbacks():
initializeTreeSeq();
initializeSex("A");
initializeMutationRate(0);
initializeMutationType(1, 0.5, "f", 0);
initializeGenomicElementType(1, m1, 1);
initializeGenomicElement(g1, 0, 49999999);
initializeRecombinationRate(1e-08, 49999999);

// Starting run at generation <start>:
1 

// Initial random seed:
1789904723498

// RunInitializeCallbacks():
initializeTreeSeq();
initializeSex("A");
initializeMutationRate(0);
initializeMutationType(1, 0.5, "f", 0);
initializeGenomicElementType(1, m1, 1);
initializeGenomicElement(g1, 0, 49999999);
initializeRecombinationRate(1e-08, 49999999);

// Starting run at generation <start>:
1 

// Initial random seed:
1789954723504

// RunInitializeCallbacks():
initializeTreeSeq();
initializeSex("A");
initializeMutationRate(0);
initializeMutationType(1, 0.5, "f", 0);
initializeGenomicElementType(1, m1, 1);
initializeGenomicElement(g1, 0, 199999999);
initializeRecombinationRate(c(1e-08, 0.5, 1e-08, 0.5, 1e-08, 0.5, 1e-08), c(49999999, 50000000, 99999999, 100000000, 149999999, 150000000, 199999999));

// Starting run at generation <start>:
1 

// Initial random seed:
1790014723512

// RunInitializeCallbacks():
initializeTreeSeq();
initializeSex("A");
initializeMutationRate(0);
initializeMutationType(1, 0.5, "f", 0);
initializeGenomicElementType(1, m1, 1);
initializeGenomicElement(g1, 0, 199999999);
initializeRecombinationRate(c(1e-08, 0.5, 1e-08, 0.5, 1e-08, 0.5, 1e-08), c(49999999, 50000000, 99999999, 100000000, 149999999, 150000000, 199999999));

// Starting run at generation <start>:
1 

// Initial random seed:
1789984723509

// RunInitializeCallbacks():
initializeTreeSeq();
initializeSex("A");
initializeMutationRate(0);
initializeMutationType(1, 0.5, "f", 0);
initializeGenomicElementType(1, m1, 1);
initializeGenomicElement(g1, 0, 199999999);
initializeRecombinationRate(c(1e-08, 0.5, 1e-08, 0.5, 1e-08, 0.5, 1e-08), c(49999999, 50000000, 99999999, 100000000, 149999999, 150000000, 199999999));

// Starting run at generation <start>:
1 

// Initial random seed:
1790034723518

// RunInitializeCallbacks():
initializeTreeSeq();
initializeSex("A");
initializeMutationRate(0);
initializeMutationType(1, 0.5, "f", 0);
initializeGenomicElementType(1, m1, 1);
initializeGenomicElement(g1, 0, 199999999);
initializeRecombinationRate(c(1e-08, 0.5, 1e-08, 0.5, 1e-08, 0.5, 1e-08), c(49999999, 50000000, 99999999, 100000000, 149999999, 150000000, 199999999));

// Starting run at generation <start>:
1 

// Initial random seed:
1790024723516

// RunInitializeCallbacks():
initializeTreeSeq();
initializeSex("A");
initializeMutationRate(0);
initializeMutationType(1, 0.5, "f", 0);
initializeGenomicElementType(1, m1, 1);
initializeGenomicElement(g1, 0, 199999999);
initializeRecombinationRate(c(1e-08, 0.5, 1e-08, 0.5, 1e-08, 0.5, 1e-08), c(49999999, 50000000, 99999999, 100000000, 149999999, 150000000, 199999999));

// Starting run at generation <start>:
1 

// Initial random seed:
1790004723511

// RunInitializeCallbacks():
initializeTreeSeq();
initializeSex("A");
initializeMutationRate(0);
initializeMutationType(1, 0.5, "f", 0);
initializeGenomicElementType(1, m1, 1);
initializeGenomicElement(g1, 0, 199999999);
initializeRecombinationRate(c(1e-08, 0.5, 1e-08, 0.5, 1e-08, 0.5, 1e-08), c(49999999, 50000000, 99999999, 100000000, 149999999, 150000000, 199999999));

// Starting run at generation <start>:
1 

// Initial random seed:
1789944723504

// RunInitializeCallbacks():
initializeTreeSeq();
initializeSex("A");
initializeMutationRate(0);
initializeMutationType(1, 0.5, "f", 0);
initializeGenomicElementType(1, m1, 1);
initializeGenomicElement(g1, 0, 199999999);
initializeRecombinationRate(c(1e-08, 0.5, 1e-08, 0.5, 1e-08, 0.5, 1e-08), c(49999999, 50000000, 99999999, 100000000, 149999999, 150000000, 199999999));

// Starting run at generation <start>:
1 

// Initial random seed:
1789974723509

// RunInitializeCallbacks():
initializeTreeSeq();
initializeSex("A");
initializeMutationRate(0);
initializeMutationType(1, 0.5, "f", 0);
initializeGenomicElementType(1, m1, 1);
initializeGenomicElement(g1, 0, 199999999);
initializeRecombinationRate(c(1e-08, 0.5, 1e-08, 0.5, 1e-08, 0.5, 1e-08), c(49999999, 50000000, 99999999, 100000000, 149999999, 150000000, 199999999));

// Starting run at generation <start>:
1 

// Initial random seed:
1790054723521

// RunInitializeCallbacks():
initializeTreeSeq();
initializeSex("A");
initializeMutationRate(0);
initializeMutationType(1, 0.5, "f", 0);
initializeGenomicElementType(1, m1, 1);
initializeGenomicElement(g1, 0, 199999999);
initializeRecombinationRate(c(1e-08, 0.5, 1e-08, 0.5, 1e-08, 0.5, 1e-08), c(49999999, 50000000, 99999999, 100000000, 149999999, 150000000, 199999999));

// Starting run at generation <start>:
1 

// Initial random seed:
1789964723507

// RunInitializeCallbacks():
initializeTreeSeq();
initializeSex("A");
initializeMutationRate(0);
initializeMutationType(1, 0.5, "f", 0);
initializeGenomicElementType(1, m1, 1);
initializeGenomicElement(g1, 0, 199999999);
initializeRecombinationRate(c(1e-08, 0.5, 1e-08, 0.5, 1e-08, 0.5, 1e-08), c(49999999, 50000000, 99999999, 100000000, 149999999, 150000000, 199999999));

// Starting run at generation <start>:
1 

// Initial random seed:
1789994723512

// RunInitializeCallbacks():
initializeTreeSeq();
initializeSex("A");
initializeMutationRate(0);
initializeMutationType(1, 0.5, "f", 0);
initializeGenomicElementType(1, m1, 1);
initializeGenomicElement(g1, 0, 199999999);
initializeRecombinationRate(c(1e-08, 0.5, 1e-08, 0.5, 1e-08, 0.5, 1e-08), c(49999999, 50000000, 99999999, 100000000, 149999999, 150000000, 199999999));

// Starting run at generation <start>:
1 

// Initial random seed:
1790044723520

// RunInitializeCallbacks():
initializeTreeSeq();
initializeSex("A");
initializeMutationRate(0);
initializeMutationType(1, 0.5, "f", 0);
initializeGenomicElementType(1, m1, 1);
initializeGenomicElement(g1, 0, 199999999);
initializeRecombinationRate(c(1e-08, 0.5, 1e-08, 0.5, 1e-08, 0.5, 1e-08), c(49999999, 50000000, 99999999, 100000000, 149999999, 150000000, 199999999));

// Starting run at generation <start>:
1 

// Initial random seed:
1790114723533

// RunInitializeCallbacks():
initializeTreeSeq();
initializeSex("A");
initializeMutationRate(0);
initializeMutationType(1, 0.5, "f", 0);
initializeGenomicElementType(1, m1, 1);
initializeGenomicElement(g1, 0, 799999999);
initializeRecombinationRate(c(1e-08, 0.5, 1e-08, 0.5, 1e-08, 0.5, 1e-08, 0.5, 1e-08, 0.5, 1e-08, 0.5, 1e-08, 0.5, 1e-08, 0.5, 1e-08, 0.5, 1e-08, 0.5, 1e-08, 0.5, 1e-08, 0.5, 1e-08, 0.5, 1e-08, 0.5, 1e-08, 0.5, 1e-08), c(49999999, 50000000, 99999999, 100000000, 149999999, 150000000, 199999999, 200000000, 249999999, 250000000, 299999999, 300000000, 349999999, 350000000, 399999999, 400000000, 449999999, 450000000, 499999999, 500000000, 549999999, 550000000, 599999999, 600000000, 649999999, 650000000, 699999999, 700000000, 749999999, 750000000, 799999999));

// Starting run at generation <start>:
1 

// Initial random seed:
1790064723524

// RunInitializeCallbacks():
initializeTreeSeq();
initializeSex("A");
initializeMutationRate(0);
initializeMutationType(1, 0.5, "f", 0);
initializeGenomicElementType(1, m1, 1);
initializeGenomicElement(g1, 0, 799999999);
initializeRecombinationRate(c(1e-08, 0.5, 1e-08, 0.5, 1e-08, 0.5, 1e-08, 0.5, 1e-08, 0.5, 1e-08, 0.5, 1e-08, 0.5, 1e-08, 0.5, 1e-08, 0.5, 1e-08, 0.5, 1e-08, 0.5, 1e-08, 0.5, 1e-08, 0.5, 1e-08, 0.5, 1e-08, 0.5, 1e-08), c(49999999, 50000000, 99999999, 100000000, 149999999, 150000000, 199999999, 200000000, 249999999, 250000000, 299999999, 300000000, 349999999, 350000000, 399999999, 400000000, 449999999, 450000000, 499999999, 500000000, 549999999, 550000000, 599999999, 600000000, 649999999, 650000000, 699999999, 700000000, 749999999, 750000000, 799999999));

// Starting run at generation <start>:
1 

// Initial random seed:
1790144723558

// RunInitializeCallbacks():
initializeTreeSeq();
initializeSex("A");
initializeMutationRate(0);
initializeMutationType(1, 0.5, "f", 0);
initializeGenomicElementType(1, m1, 1);
initializeGenomicElement(g1, 0, 799999999);
initializeRecombinationRate(c(1e-08, 0.5, 1e-08, 0.5, 1e-08, 0.5, 1e-08, 0.5, 1e-08, 0.5, 1e-08, 0.5, 1e-08, 0.5, 1e-08, 0.5, 1e-08, 0.5, 1e-08, 0.5, 1e-08, 0.5, 1e-08, 0.5, 1e-08, 0.5, 1e-08, 0.5, 1e-08, 0.5, 1e-08), c(49999999, 50000000, 99999999, 100000000, 149999999, 150000000, 199999999, 200000000, 249999999, 250000000, 299999999, 300000000, 349999999, 350000000, 399999999, 400000000, 449999999, 450000000, 499999999, 500000000, 549999999, 550000000, 599999999, 600000000, 649999999, 650000000, 699999999, 700000000, 749999999, 750000000, 799999999));

// Starting run at generation <start>:
1 

// Initial random seed:
1790134723548

// RunInitializeCallbacks():
initializeTreeSeq();
initializeSex("A");
initializeMutationRate(0);
initializeMutationType(1, 0.5, "f", 0);
initializeGenomicElementType(1, m1, 1);
initializeGenomicElement(g1, 0, 799999999);
initializeRecombinationRate(c(1e-08, 0.5, 1e-08, 0.5, 1e-08, 0.5, 1e-08, 0.5, 1e-08, 0.5, 1e-08, 0.5, 1e-08, 0.5, 1e-08, 0.5, 1e-08, 0.5, 1e-08, 0.5, 1e-08, 0.5, 1e-08, 0.5, 1e-08, 0.5, 1e-08, 0.5, 1e-08, 0.5, 1e-08), c(49999999, 50000000, 99999999, 100000000, 149999999, 150000000, 199999999, 200000000, 249999999, 250000000, 299999999, 300000000, 349999999, 350000000, 399999999, 400000000, 449999999, 450000000, 499999999, 500000000, 549999999, 550000000, 599999999, 600000000, 649999999, 650000000, 699999999, 700000000, 749999999, 750000000, 799999999));

// Starting run at generation <start>:
1 

// Initial random seed:
1790164723565

// RunInitializeCallbacks():
initializeTreeSeq();
initializeSex("A");
initializeMutationRate(0);
initializeMutationType(1, 0.5, "f", 0);
initializeGenomicElementType(1, m1, 1);
initializeGenomicElement(g1, 0, 799999999);
initializeRecombinationRate(c(1e-08, 0.5, 1e-08, 0.5, 1e-08, 0.5, 1e-08, 0.5, 1e-08, 0.5, 1e-08, 0.5, 1e-08, 0.5, 1e-08, 0.5, 1e-08, 0.5, 1e-08, 0.5, 1e-08, 0.5, 1e-08, 0.5, 1e-08, 0.5, 1e-08, 0.5, 1e-08, 0.5, 1e-08), c(49999999, 50000000, 99999999, 100000000, 149999999, 150000000, 199999999, 200000000, 249999999, 250000000, 299999999, 300000000, 349999999, 350000000, 399999999, 400000000, 449999999, 450000000, 499999999, 500000000, 549999999, 550000000, 599999999, 600000000, 649999999, 650000000, 699999999, 700000000, 749999999, 750000000, 799999999));

// Starting run at generation <start>:
1 

// Initial random seed:
1790154723561

// RunInitializeCallbacks():
initializeTreeSeq();
initializeSex("A");
initializeMutationRate(0);
initializeMutationType(1, 0.5, "f", 0);
initializeGenomicElementType(1, m1, 1);
initializeGenomicElement(g1, 0, 799999999);
initializeRecombinationRate(c(1e-08, 0.5, 1e-08, 0.5, 1e-08, 0.5, 1e-08, 0.5, 1e-08, 0.5, 1e-08, 0.5, 1e-08, 0.5, 1e-08, 0.5, 1e-08, 0.5, 1e-08, 0.5, 1e-08, 0.5, 1e-08, 0.5, 1e-08, 0.5, 1e-08, 0.5, 1e-08, 0.5, 1e-08), c(49999999, 50000000, 99999999, 100000000, 149999999, 150000000, 199999999, 200000000, 249999999, 250000000, 299999999, 300000000, 349999999, 350000000, 399999999, 400000000, 449999999, 450000000, 499999999, 500000000, 549999999, 550000000, 599999999, 600000000, 649999999, 650000000, 699999999, 700000000, 749999999, 750000000, 799999999));

// Starting run at generation <start>:
1 

// Initial random seed:
1790094723529

// RunInitializeCallbacks():
initializeTreeSeq();
initializeSex("A");
initializeMutationRate(0);
initializeMutationType(1, 0.5, "f", 0);
initializeGenomicElementType(1, m1, 1);
initializeGenomicElement(g1, 0, 799999999);
initializeRecombinationRate(c(1e-08, 0.5, 1e-08, 0.5, 1e-08, 0.5, 1e-08, 0.5, 1e-08, 0.5, 1e-08, 0.5, 1e-08, 0.5, 1e-08, 0.5, 1e-08, 0.5, 1e-08, 0.5, 1e-08, 0.5, 1e-08, 0.5, 1e-08, 0.5, 1e-08, 0.5, 1e-08, 0.5, 1e-08), c(49999999, 50000000, 99999999, 100000000, 149999999, 150000000, 199999999, 200000000, 249999999, 250000000, 299999999, 300000000, 349999999, 350000000, 399999999, 400000000, 449999999, 450000000, 499999999, 500000000, 549999999, 550000000, 599999999, 600000000, 649999999, 650000000, 699999999, 700000000, 749999999, 750000000, 799999999));

// Starting run at generation <start>:
1 

// Initial random seed:
1790104723531

// RunInitializeCallbacks():
initializeTreeSeq();
initializeSex("A");
initializeMutationRate(0);
initializeMutationType(1, 0.5, "f", 0);
initializeGenomicElementType(1, m1, 1);
initializeGenomicElement(g1, 0, 799999999);
initializeRecombinationRate(c(1e-08, 0.5, 1e-08, 0.5, 1e-08, 0.5, 1e-08, 0.5, 1e-08, 0.5, 1e-08, 0.5, 1e-08, 0.5, 1e-08, 0.5, 1e-08, 0.5, 1e-08, 0.5, 1e-08, 0.5, 1e-08, 0.5, 1e-08, 0.5, 1e-08, 0.5, 1e-08, 0.5, 1e-08), c(49999999, 50000000, 99999999, 100000000, 149999999, 150000000, 199999999, 200000000, 249999999, 250000000, 299999999, 300000000, 349999999, 350000000, 399999999, 400000000, 449999999, 450000000, 499999999, 500000000, 549999999, 550000000, 599999999, 600000000, 649999999, 650000000, 699999999, 700000000, 749999999, 750000000, 799999999));

// Starting run at generation <start>:
1 

// Initial random seed:
1790124723537

// RunInitializeCallbacks():
initializeTreeSeq();
initializeSex("A");
initializeMutationRate(0);
initializeMutationType(1, 0.5, "f", 0);
initializeGenomicElementType(1, m1, 1);
initializeGenomicElement(g1, 0, 799999999);
initializeRecombinationRate(c(1e-08, 0.5, 1e-08, 0.5, 1e-08, 0.5, 1e-08, 0.5, 1e-08, 0.5, 1e-08, 0.5, 1e-08, 0.5, 1e-08, 0.5, 1e-08, 0.5, 1e-08, 0.5, 1e-08, 0.5, 1e-08, 0.5, 1e-08, 0.5, 1e-08, 0.5, 1e-08, 0.5, 1e-08), c(49999999, 50000000, 99999999, 100000000, 149999999, 150000000, 199999999, 200000000, 249999999, 250000000, 299999999, 300000000, 349999999, 350000000, 399999999, 400000000, 449999999, 450000000, 499999999, 500000000, 549999999, 550000000, 599999999, 600000000, 649999999, 650000000, 699999999, 700000000, 749999999, 750000000, 799999999));

// Starting run at generation <start>:
1 

// Initial random seed:
1790084723528

// RunInitializeCallbacks():
initializeTreeSeq();
initializeSex("A");
initializeMutationRate(0);
initializeMutationType(1, 0.5, "f", 0);
initializeGenomicElementType(1, m1, 1);
initializeGenomicElement(g1, 0, 799999999);
initializeRecombinationRate(c(1e-08, 0.5, 1e-08, 0.5, 1e-08, 0.5, 1e-08, 0.5, 1e-08, 0.5, 1e-08, 0.5, 1e-08, 0.5, 1e-08, 0.5, 1e-08, 0.5, 1e-08, 0.5, 1e-08, 0.5, 1e-08, 0.5, 1e-08, 0.5, 1e-08, 0.5, 1e-08, 0.5, 1e-08), c(49999999, 50000000, 99999999, 100000000, 149999999, 150000000, 199999999, 200000000, 249999999, 250000000, 299999999, 300000000, 349999999, 350000000, 399999999, 400000000, 449999999, 450000000, 499999999, 500000000, 549999999, 550000000, 599999999, 600000000, 649999999, 650000000, 699999999, 700000000, 749999999, 750000000, 799999999));

// Starting run at generation <start>:
1 

// Initial random seed:
1790174723572

// RunInitializeCallbacks():
initializeTreeSeq();
initializeSex("A");
initializeMutationRate(0);
initializeMutationType(1, 0.5, "f", 0);
initializeGenomicElementType(1, m1, 1);
initializeGenomicElement(g1, 0, 799999999);
initializeRecombinationRate(c(1e-08, 0.5, 1e-08, 0.5, 1e-08, 0.5, 1e-08, 0.5, 1e-08, 0.5, 1e-08, 0.5, 1e-08, 0.5, 1e-08, 0.5, 1e-08, 0.5, 1e-08, 0.5, 1e-08, 0.5, 1e-08, 0.5, 1e-08, 0.5, 1e-08, 0.5, 1e-08, 0.5, 1e-08), c(49999999, 50000000, 99999999, 100000000, 149999999, 150000000, 199999999, 200000000, 249999999, 250000000, 299999999, 300000000, 349999999, 350000000, 399999999, 400000000, 449999999, 450000000, 499999999, 500000000, 549999999, 550000000, 599999999, 600000000, 649999999, 650000000, 699999999, 700000000, 749999999, 750000000, 799999999));

// Starting run at generation <start>:
1 

// Initial random seed:
1790074723525

// RunInitializeCallbacks():
initializeTreeSeq();
initializeSex("A");
initializeMutationRate(0);
initializeMutationType(1, 0.5, "f", 0);
initializeGenomicElementType(1, m1, 1);
initializeGenomicElement(g1, 0, 799999999);
initializeRecombinationRate(c(1e-08, 0.5, 1e-08, 0.5, 1e-08, 0.5, 1e-08, 0.5, 1e-08, 0.5, 1e-08, 0.5, 1e-08, 0.5, 1e-08, 0.5, 1e-08, 0.5, 1e-08, 0.5, 1e-08, 0.5, 1e-08, 0.5, 1e-08, 0.5, 1e-08, 0.5, 1e-08, 0.5, 1e-08), c(49999999, 50000000, 99999999, 100000000, 149999999, 150000000, 199999999, 200000000, 249999999, 250000000, 299999999, 300000000, 349999999, 350000000, 399999999, 400000000, 449999999, 450000000, 499999999, 500000000, 549999999, 550000000, 599999999, 600000000, 649999999, 650000000, 699999999, 700000000, 749999999, 750000000, 799999999));

// Starting run at generation <start>:
1 

// Initial random seed:
1790234723596

// RunInitializeCallbacks():
initializeTreeSeq();
initializeSex("A");
initializeMutationRate(0);
initializeMutationType(1, 0.5, "f", 0);
initializeGenomicElementType(1, m1, 1);
initializeGenomicElement(g1, 0, 3199999999);
initializeRecombinationRate(c(1e-08, 0.5, 1e-08, 0.5, 1e-08, 0.5, 1e-08, 0.5, 1e-08, 0.5, 1e-08, 0.5, 1e-08, 0.5, 1e-08, 0.5, 1e-08, 0.5, 1e-08, 0.5, 1e-08, 0.5, 1e-08, 0.5, 1e-08, 0.5, 1e-08, 0.5, 1e-08, 0.5, 1e-08, 0.5, 1e-08, 0.5, 1e-08, 0.5, 1e-08, 0.5, 1e-08, 0.5, 1e-08, 0.5, 1e-08, 0.5, 1e-08, 0.5, 1e-08, 0.5, 1e-08, 0.5, 1e-08, 0.5, 1e-08, 0.5, 1e-08, 0.5, 1e-08, 0.5, 1e-08, 0.5, 1e-08, 0.5, 1e-08, 0.5, 1e-08, 0.5, 1e-08, 0.5, 1e-08, 0.5, 1e-08, 0.5, 1e-08, 0.5, 1e-08, 0.5, 1e-08, 0.5, 1e-08, 0.5, 1e-08, 0.5, 1e-08, 0.5, 1e-08, 0.5, 1e-08, 0.5, 1e-08, 0.5, 1e-08, 0.5, 1e-08, 0.5, 1e-08, 0.5, 1e-08, 0.5, 1e-08, 0.5, 1e-08, 0.5, 1e-08, 0.5, 1e-08, 0.5, 1e-08, 0.5, 1e-08, 0.5, 1e-08, 0.5, 1e-08, 0.5, 1e-08, 0.5, 1e-08, 0.5, 1e-08, 0.5, 1e-08, 0.5, 1e-08, 0.5, 1e-08, 0.5, 1e-08), c(49999999, 50000000, 99999999, 100000000, 149999999, 150000000, 199999999, 200000000, 249999999, 250000000, 299999999, 300000000, 349999999, 350000000, 399999999, 400000000, 449999999, 450000000, 499999999, 500000000, 549999999, 550000000, 599999999, 600000000, 649999999, 650000000, 699999999, 700000000, 749999999, 750000000, 799999999, 800000000, 849999999, 850000000, 899999999, 900000000, 949999999, 950000000, 999999999, 1000000000, 1049999999, 1050000000, 1099999999, 1100000000, 1149999999, 1150000000, 1199999999, 1200000000, 1249999999, 1250000000, 1299999999, 1300000000, 1349999999, 1350000000, 1399999999, 1400000000, 1449999999, 1450000000, 1499999999, 1500000000, 1549999999, 1550000000, 1599999999, 1600000000, 1649999999, 1650000000, 1699999999, 1700000000, 1749999999, 1750000000, 1799999999, 1800000000, 1849999999, 1850000000, 1899999999, 1900000000, 1949999999, 1950000000, 1999999999, 2000000000, 2049999999, 2050000000, 2099999999, 2100000000, 2149999999, 2150000000, 2199999999, 2200000000, 2249999999, 2250000000, 2299999999, 2300000000, 2349999999, 2350000000, 2399999999, 2400000000, 2449999999, 2450000000, 2499999999, 2500000000, 2549999999, 2550000000, 2599999999, 2600000000, 2649999999, 2650000000, 2699999999, 2700000000, 2749999999, 2750000000, 2799999999, 2800000000, 2849999999, 2850000000, 2899999999, 2900000000, 2949999999, 2950000000, 2999999999, 3000000000, 3049999999, 3050000000, 3099999999, 3100000000, 3149999999, 3150000000, 3199999999));

// Starting run at generation <start>:
1 

// Initial random seed:
1790194723580

// RunInitializeCallbacks():
initializeTreeSeq();
initializeSex("A");
initializeMutationRate(0);
initializeMutationType(1, 0.5, "f", 0);
initializeGenomicElementType(1, m1, 1);
initializeGenomicElement(g1, 0, 3199999999);
initializeRecombinationRate(c(1e-08, 0.5, 1e-08, 0.5, 1e-08, 0.5, 1e-08, 0.5, 1e-08, 0.5, 1e-08, 0.5, 1e-08, 0.5, 1e-08, 0.5, 1e-08, 0.5, 1e-08, 0.5, 1e-08, 0.5, 1e-08, 0.5, 1e-08, 0.5, 1e-08, 0.5, 1e-08, 0.5, 1e-08, 0.5, 1e-08, 0.5, 1e-08, 0.5, 1e-08, 0.5, 1e-08, 0.5, 1e-08, 0.5, 1e-08, 0.5, 1e-08, 0.5, 1e-08, 0.5, 1e-08, 0.5, 1e-08, 0.5, 1e-08, 0.5, 1e-08, 0.5, 1e-08, 0.5, 1e-08, 0.5, 1e-08, 0.5, 1e-08, 0.5, 1e-08, 0.5, 1e-08, 0.5, 1e-08, 0.5, 1e-08, 0.5, 1e-08, 0.5, 1e-08, 0.5, 1e-08, 0.5, 1e-08, 0.5, 1e-08, 0.5, 1e-08, 0.5, 1e-08, 0.5, 1e-08, 0.5, 1e-08, 0.5, 1e-08, 0.5, 1e-08, 0.5, 1e-08, 0.5, 1e-08, 0.5, 1e-08, 0.5, 1e-08, 0.5, 1e-08, 0.5, 1e-08, 0.5, 1e-08, 0.5, 1e-08, 0.5, 1e-08, 0.5, 1e-08, 0.5, 1e-08, 0.5, 1e-08, 0.5, 1e-08, 0.5, 1e-08, 0.5, 1e-08, 0.5, 1e-08, 0.5, 1e-08), c(49999999, 50000000, 99999999, 100000000, 149999999, 150000000, 199999999, 200000000, 249999999, 250000000, 299999999, 300000000, 349999999, 350000000, 399999999, 400000000, 449999999, 450000000, 499999999, 500000000, 549999999, 550000000, 599999999, 600000000, 649999999, 650000000, 699999999, 700000000, 749999999, 750000000, 799999999, 800000000, 849999999, 850000000, 899999999, 900000000, 949999999, 950000000, 999999999, 1000000000, 1049999999, 1050000000, 1099999999, 1100000000, 1149999999, 1150000000, 1199999999, 1200000000, 1249999999, 1250000000, 1299999999, 1300000000, 1349999999, 1350000000, 1399999999, 1400000000, 1449999999, 1450000000, 1499999999, 1500000000, 1549999999, 1550000000, 1599999999, 1600000000, 1649999999, 1650000000, 1699999999, 1700000000, 1749999999, 1750000000, 1799999999, 1800000000, 1849999999, 1850000000, 1899999999, 1900000000, 1949999999, 1950000000, 1999999999, 2000000000, 2049999999, 2050000000, 2099999999, 2100000000, 2149999999, 2150000000, 2199999999, 2200000000, 2249999999, 2250000000, 2299999999, 2300000000, 2349999999, 2350000000, 2399999999, 2400000000, 2449999999, 2450000000, 2499999999, 2500000000, 2549999999, 2550000000, 2599999999, 2600000000, 2649999999, 2650000000, 2699999999, 2700000000, 2749999999, 2750000000, 2799999999, 2800000000, 2849999999, 2850000000, 2899999999, 2900000000, 2949999999, 2950000000, 2999999999, 3000000000, 3049999999, 3050000000, 3099999999, 3100000000, 3149999999, 3150000000, 3199999999));

// Starting run at generation <start>:
1 

// Initial random seed:
1790184723575

// RunInitializeCallbacks():
initializeTreeSeq();
initializeSex("A");
initializeMutationRate(0);
initializeMutationType(1, 0.5, "f", 0);
initializeGenomicElementType(1, m1, 1);
initializeGenomicElement(g1, 0, 3199999999);
initializeRecombinationRate(c(1e-08, 0.5, 1e-08, 0.5, 1e-08, 0.5, 1e-08, 0.5, 1e-08, 0.5, 1e-08, 0.5, 1e-08, 0.5, 1e-08, 0.5, 1e-08, 0.5, 1e-08, 0.5, 1e-08, 0.5, 1e-08, 0.5, 1e-08, 0.5, 1e-08, 0.5, 1e-08, 0.5, 1e-08, 0.5, 1e-08, 0.5, 1e-08, 0.5, 1e-08, 0.5, 1e-08, 0.5, 1e-08, 0.5, 1e-08, 0.5, 1e-08, 0.5, 1e-08, 0.5, 1e-08, 0.5, 1e-08, 0.5, 1e-08, 0.5, 1e-08, 0.5, 1e-08, 0.5, 1e-08, 0.5, 1e-08, 0.5, 1e-08, 0.5, 1e-08, 0.5, 1e-08, 0.5, 1e-08, 0.5, 1e-08, 0.5, 1e-08, 0.5, 1e-08, 0.5, 1e-08, 0.5, 1e-08, 0.5, 1e-08, 0.5, 1e-08, 0.5, 1e-08, 0.5, 1e-08, 0.5, 1e-08, 0.5, 1e-08, 0.5, 1e-08, 0.5, 1e-08, 0.5, 1e-08, 0.5, 1e-08, 0.5, 1e-08, 0.5, 1e-08, 0.5, 1e-08, 0.5, 1e-08, 0.5, 1e-08, 0.5, 1e-08, 0.5, 1e-08, 0.5, 1e-08, 0.5, 1e-08, 0.5, 1e-08, 0.5, 1e-08, 0.5, 1e-08, 0.5, 1e-08, 0.5, 1e-08), c(49999999, 50000000, 99999999, 100000000, 149999999, 150000000, 199999999, 200000000, 249999999, 250000000, 299999999, 300000000, 349999999, 350000000, 399999999, 400000000, 449999999, 450000000, 499999999, 500000000, 549999999, 550000000, 599999999, 600000000, 649999999, 650000000, 699999999, 700000000, 749999999, 750000000, 799999999, 800000000, 849999999, 850000000, 899999999, 900000000, 949999999, 950000000, 999999999, 1000000000, 1049999999, 1050000000, 1099999999, 1100000000, 1149999999, 1150000000, 1199999999, 1200000000, 1249999999, 1250000000, 1299999999, 1300000000, 1349999999, 1350000000, 1399999999, 1400000000, 1449999999, 1450000000, 1499999999, 1500000000, 1549999999, 1550000000, 1599999999, 1600000000, 1649999999, 1650000000, 1699999999, 1700000000, 1749999999, 1750000000, 1799999999, 1800000000, 1849999999, 1850000000, 1899999999, 1900000000, 1949999999, 1950000000, 1999999999, 2000000000, 2049999999, 2050000000, 2099999999, 2100000000, 2149999999, 2150000000, 2199999999, 2200000000, 2249999999, 2250000000, 2299999999, 2300000000, 2349999999, 2350000000, 2399999999, 2400000000, 2449999999, 2450000000, 2499999999, 2500000000, 2549999999, 2550000000, 2599999999, 2600000000, 2649999999, 2650000000, 2699999999, 2700000000, 2749999999, 2750000000, 2799999999, 2800000000, 2849999999, 2850000000, 2899999999, 2900000000, 2949999999, 2950000000, 2999999999, 3000000000, 3049999999, 3050000000, 3099999999, 3100000000, 3149999999, 3150000000, 3199999999));

// Starting run at generation <start>:
1 

// Initial random seed:
1790204723584

// RunInitializeCallbacks():
initializeTreeSeq();
initializeSex("A");
initializeMutationRate(0);
initializeMutationType(1, 0.5, "f", 0);
initializeGenomicElementType(1, m1, 1);
initializeGenomicElement(g1, 0, 3199999999);
initializeRecombinationRate(c(1e-08, 0.5, 1e-08, 0.5, 1e-08, 0.5, 1e-08, 0.5, 1e-08, 0.5, 1e-08, 0.5, 1e-08, 0.5, 1e-08, 0.5, 1e-08, 0.5, 1e-08, 0.5, 1e-08, 0.5, 1e-08, 0.5, 1e-08, 0.5, 1e-08, 0.5, 1e-08, 0.5, 1e-08, 0.5, 1e-08, 0.5, 1e-08, 0.5, 1e-08, 0.5, 1e-08, 0.5, 1e-08, 0.5, 1e-08, 0.5, 1e-08, 0.5, 1e-08, 0.5, 1e-08, 0.5, 1e-08, 0.5, 1e-08, 0.5, 1e-08, 0.5, 1e-08, 0.5, 1e-08, 0.5, 1e-08, 0.5, 1e-08, 0.5, 1e-08, 0.5, 1e-08, 0.5, 1e-08, 0.5, 1e-08, 0.5, 1e-08, 0.5, 1e-08, 0.5, 1e-08, 0.5, 1e-08, 0.5, 1e-08, 0.5, 1e-08, 0.5, 1e-08, 0.5, 1e-08, 0.5, 1e-08, 0.5, 1e-08, 0.5, 1e-08, 0.5, 1e-08, 0.5, 1e-08, 0.5, 1e-08, 0.5, 1e-08, 0.5, 1e-08, 0.5, 1e-08, 0.5, 1e-08, 0.5, 1e-08, 0.5, 1e-08, 0.5, 1e-08, 0.5, 1e-08, 0.5, 1e-08, 0.5, 1e-08, 0.5, 1e-08, 0.5, 1e-08, 0.5, 1e-08, 0.5, 1e-08), c(49999999, 50000000, 99999999, 100000000, 149999999, 150000000, 199999999, 200000000, 249999999, 250000000, 299999999, 300000000, 349999999, 350000000, 399999999, 400000000, 449999999, 450000000, 499999999, 500000000, 549999999, 550000000, 599999999, 600000000, 649999999, 650000000, 699999999, 700000000, 749999999, 750000000, 799999999, 800000000, 849999999, 850000000, 899999999, 900000000, 949999999, 950000000, 999999999, 1000000000, 1049999999, 1050000000, 1099999999, 1100000000, 1149999999, 1150000000, 1199999999, 1200000000, 1249999999, 1250000000, 1299999999, 1300000000, 1349999999, 1350000000, 1399999999, 1400000000, 1449999999, 1450000000, 1499999999, 1500000000, 1549999999, 1550000000, 1599999999, 1600000000, 1649999999, 1650000000, 1699999999, 1700000000, 1749999999, 1750000000, 1799999999, 1800000000, 1849999999, 1850000000, 1899999999, 1900000000, 1949999999, 1950000000, 1999999999, 2000000000, 2049999999, 2050000000, 2099999999, 2100000000, 2149999999, 2150000000, 2199999999, 2200000000, 2249999999, 2250000000, 2299999999, 2300000000, 2349999999, 2350000000, 2399999999, 2400000000, 2449999999, 2450000000, 2499999999, 2500000000, 2549999999, 2550000000, 2599999999, 2600000000, 2649999999, 2650000000, 2699999999, 2700000000, 2749999999, 2750000000, 2799999999, 2800000000, 2849999999, 2850000000, 2899999999, 2900000000, 2949999999, 2950000000, 2999999999, 3000000000, 3049999999, 3050000000, 3099999999, 3100000000, 3149999999, 3150000000, 3199999999));

// Starting run at generation <start>:
1 

// Initial random seed:
1790254723698

// RunInitializeCallbacks():
initializeTreeSeq();
initializeSex("A");
initializeMutationRate(0);
initializeMutationType(1, 0.5, "f", 0);
initializeGenomicElementType(1, m1, 1);
initializeGenomicElement(g1, 0, 3199999999);
initializeRecombinationRate(c(1e-08, 0.5, 1e-08, 0.5, 1e-08, 0.5, 1e-08, 0.5, 1e-08, 0.5, 1e-08, 0.5, 1e-08, 0.5, 1e-08, 0.5, 1e-08, 0.5, 1e-08, 0.5, 1e-08, 0.5, 1e-08, 0.5, 1e-08, 0.5, 1e-08, 0.5, 1e-08, 0.5, 1e-08, 0.5, 1e-08, 0.5, 1e-08, 0.5, 1e-08, 0.5, 1e-08, 0.5, 1e-08, 0.5, 1e-08, 0.5, 1e-08, 0.5, 1e-08, 0.5, 1e-08, 0.5, 1e-08, 0.5, 1e-08, 0.5, 1e-08, 0.5, 1e-08, 0.5, 1e-08, 0.5, 1e-08, 0.5, 1e-08, 0.5, 1e-08, 0.5, 1e-08, 0.5, 1e-08, 0.5, 1e-08, 0.5, 1e-08, 0.5, 1e-08, 0.5, 1e-08, 0.5, 1e-08, 0.5, 1e-08, 0.5, 1e-08, 0.5, 1e-08, 0.5, 1e-08, 0.5, 1e-08, 0.5, 1e-08, 0.5, 1e-08, 0.5, 1e-08, 0.5, 1e-08, 0.5, 1e-08, 0.5, 1e-08, 0.5, 1e-08, 0.5, 1e-08, 0.5, 1e-08, 0.5, 1e-08, 0.5, 1e-08, 0.5, 1e-08, 0.5, 1e-08, 0.5, 1e-08, 0.5, 1e-08, 0.5, 1e-08, 0.5, 1e-08, 0.5, 1e-08, 0.5, 1e-08), c(49999999, 50000000, 99999999, 100000000, 149999999, 150000000, 199999999, 200000000, 249999999, 250000000, 299999999, 300000000, 349999999, 350000000, 399999999, 400000000, 449999999, 450000000, 499999999, 500000000, 549999999, 550000000, 599999999, 600000000, 649999999, 650000000, 699999999, 700000000, 749999999, 750000000, 799999999, 800000000, 849999999, 850000000, 899999999, 900000000, 949999999, 950000000, 999999999, 1000000000, 1049999999, 1050000000, 1099999999, 1100000000, 1149999999, 1150000000, 1199999999, 1200000000, 1249999999, 1250000000, 1299999999, 1300000000, 1349999999, 1350000000, 1399999999, 1400000000, 1449999999, 1450000000, 1499999999, 1500000000, 1549999999, 1550000000, 1599999999, 1600000000, 1649999999, 1650000000, 1699999999, 1700000000, 1749999999, 1750000000, 1799999999, 1800000000, 1849999999, 1850000000, 1899999999, 1900000000, 1949999999, 1950000000, 1999999999, 2000000000, 2049999999, 2050000000, 2099999999, 2100000000, 2149999999, 2150000000, 2199999999, 2200000000, 2249999999, 2250000000, 2299999999, 2300000000, 2349999999, 2350000000, 2399999999, 2400000000, 2449999999, 2450000000, 2499999999, 2500000000, 2549999999, 2550000000, 2599999999, 2600000000, 2649999999, 2650000000, 2699999999, 2700000000, 2749999999, 2750000000, 2799999999, 2800000000, 2849999999, 2850000000, 2899999999, 2900000000, 2949999999, 2950000000, 2999999999, 3000000000, 3049999999, 3050000000, 3099999999, 3100000000, 3149999999, 3150000000, 3199999999));

// Starting run at generation <start>:
1 

// Initial random seed:
1790264723702

// RunInitializeCallbacks():
initializeTreeSeq();
initializeSex("A");
initializeMutationRate(0);
initializeMutationType(1, 0.5, "f", 0);
initializeGenomicElementType(1, m1, 1);
initializeGenomicElement(g1, 0, 3199999999);
initializeRecombinationRate(c(1e-08, 0.5, 1e-08, 0.5, 1e-08, 0.5, 1e-08, 0.5, 1e-08, 0.5, 1e-08, 0.5, 1e-08, 0.5, 1e-08, 0.5, 1e-08, 0.5, 1e-08, 0.5, 1e-08, 0.5, 1e-08, 0.5, 1e-08, 0.5, 1e-08, 0.5, 1e-08, 0.5, 1e-08, 0.5, 1e-08, 0.5, 1e-08, 0.5, 1e-08, 0.5, 1e-08, 0.5, 1e-08, 0.5, 1e-08, 0.5, 1e-08, 0.5, 1e-08, 0.5, 1e-08, 0.5, 1e-08, 0.5, 1e-08, 0.5, 1e-08, 0.5, 1e-08, 0.5, 1e-08, 0.5, 1e-08, 0.5, 1e-08, 0.5, 1e-08, 0.5, 1e-08, 0.5, 1e-08, 0.5, 1e-08, 0.5, 1e-08, 0.5, 1e-08, 0.5, 1e-08, 0.5, 1e-08, 0.5, 1e-08, 0.5, 1e-08, 0.5, 1e-08, 0.5, 1e-08, 0.5, 1e-08, 0.5, 1e-08, 0.5, 1e-08, 0.5, 1e-08, 0.5, 1e-08, 0.5, 1e-08, 0.5, 1e-08, 0.5, 1e-08, 0.5, 1e-08, 0.5, 1e-08, 0.5, 1e-08, 0.5, 1e-08, 0.5, 1e-08, 0.5, 1e-08, 0.5, 1e-08, 0.5, 1e-08, 0.5, 1e-08, 0.5, 1e-08, 0.5, 1e-08, 0.5, 1e-08), c(49999999, 50000000, 99999999, 100000000, 149999999, 150000000, 199999999, 200000000, 249999999, 250000000, 299999999, 300000000, 349999999, 350000000, 399999999, 400000000, 449999999, 450000000, 499999999, 500000000, 549999999, 550000000, 599999999, 600000000, 649999999, 650000000, 699999999, 700000000, 749999999, 750000000, 799999999, 800000000, 849999999, 850000000, 899999999, 900000000, 949999999, 950000000, 999999999, 1000000000, 1049999999, 1050000000, 1099999999, 1100000000, 1149999999, 1150000000, 1199999999, 1200000000, 1249999999, 1250000000, 1299999999, 1300000000, 1349999999, 1350000000, 1399999999, 1400000000, 1449999999, 1450000000, 1499999999, 1500000000, 1549999999, 1550000000, 1599999999, 1600000000, 1649999999, 1650000000, 1699999999, 1700000000, 1749999999, 1750000000, 1799999999, 1800000000, 1849999999, 1850000000, 1899999999, 1900000000, 1949999999, 1950000000, 1999999999, 2000000000, 2049999999, 2050000000, 2099999999, 2100000000, 2149999999, 2150000000, 2199999999, 2200000000, 2249999999, 2250000000, 2299999999, 2300000000, 2349999999, 2350000000, 2399999999, 2400000000, 2449999999, 2450000000, 2499999999, 2500000000, 2549999999, 2550000000, 2599999999, 2600000000, 2649999999, 2650000000, 2699999999, 2700000000, 2749999999, 2750000000, 2799999999, 2800000000, 2849999999, 2850000000, 2899999999, 2900000000, 2949999999, 2950000000, 2999999999, 3000000000, 3049999999, 3050000000, 3099999999, 3100000000, 3149999999, 3150000000, 3199999999));

// Starting run at generation <start>:
1 

// Initial random seed:
1790294723714

// RunInitializeCallbacks():
initializeTreeSeq();
initializeSex("A");
initializeMutationRate(0);
initializeMutationType(1, 0.5, "f", 0);
initializeGenomicElementType(1, m1, 1);
initializeGenomicElement(g1, 0, 3199999999);
initializeRecombinationRate(c(1e-08, 0.5, 1e-08, 0.5, 1e-08, 0.5, 1e-08, 0.5, 1e-08, 0.5, 1e-08, 0.5, 1e-08, 0.5, 1e-08, 0.5, 1e-08, 0.5, 1e-08, 0.5, 1e-08, 0.5, 1e-08, 0.5, 1e-08, 0.5, 1e-08, 0.5, 1e-08, 0.5, 1e-08, 0.5, 1e-08, 0.5, 1e-08, 0.5, 1e-08, 0.5, 1e-08, 0.5, 1e-08, 0.5, 1e-08, 0.5, 1e-08, 0.5, 1e-08, 0.5, 1e-08, 0.5, 1e-08, 0.5, 1e-08, 0.5, 1e-08, 0.5, 1e-08, 0.5, 1e-08, 0.5, 1e-08, 0.5, 1e-08, 0.5, 1e-08, 0.5, 1e-08, 0.5, 1e-08, 0.5, 1e-08, 0.5, 1e-08, 0.5, 1e-08, 0.5, 1e-08, 0.5, 1e-08, 0.5, 1e-08, 0.5, 1e-08, 0.5, 1e-08, 0.5, 1e-08, 0.5, 1e-08, 0.5, 1e-08, 0.5, 1e-08, 0.5, 1e-08, 0.5, 1e-08, 0.5, 1e-08, 0.5, 1e-08, 0.5, 1e-08, 0.5, 1e-08, 0.5, 1e-08, 0.5, 1e-08, 0.5, 1e-08, 0.5, 1e-08, 0.5, 1e-08, 0.5, 1e-08, 0.5, 1e-08, 0.5, 1e-08, 0.5, 1e-08, 0.5, 1e-08, 0.5, 1e-08), c(49999999, 50000000, 99999999, 100000000, 149999999, 150000000, 199999999, 200000000, 249999999, 250000000, 299999999, 300000000, 349999999, 350000000, 399999999, 400000000, 449999999, 450000000, 499999999, 500000000, 549999999, 550000000, 599999999, 600000000, 649999999, 650000000, 699999999, 700000000, 749999999, 750000000, 799999999, 800000000, 849999999, 850000000, 899999999, 900000000, 949999999, 950000000, 999999999, 1000000000, 1049999999, 1050000000, 1099999999, 1100000000, 1149999999, 1150000000, 1199999999, 1200000000, 1249999999, 1250000000, 1299999999, 1300000000, 1349999999, 1350000000, 1399999999, 1400000000, 1449999999, 1450000000, 1499999999, 1500000000, 1549999999, 1550000000, 1599999999, 1600000000, 1649999999, 1650000000, 1699999999, 1700000000, 1749999999, 1750000000, 1799999999, 1800000000, 1849999999, 1850000000, 1899999999, 1900000000, 1949999999, 1950000000, 1999999999, 2000000000, 2049999999, 2050000000, 2099999999, 2100000000, 2149999999, 2150000000, 2199999999, 2200000000, 2249999999, 2250000000, 2299999999, 2300000000, 2349999999, 2350000000, 2399999999, 2400000000, 2449999999, 2450000000, 2499999999, 2500000000, 2549999999, 2550000000, 2599999999, 2600000000, 2649999999, 2650000000, 2699999999, 2700000000, 2749999999, 2750000000, 2799999999, 2800000000, 2849999999, 2850000000, 2899999999, 2900000000, 2949999999, 2950000000, 2999999999, 3000000000, 3049999999, 3050000000, 3099999999, 3100000000, 3149999999, 3150000000, 3199999999));

// Starting run at generation <start>:
1 

// Initial random seed:
1790274723706

// RunInitializeCallbacks():
initializeTreeSeq();
initializeSex("A");
initializeMutationRate(0);
initializeMutationType(1, 0.5, "f", 0);
initializeGenomicElementType(1, m1, 1);
initializeGenomicElement(g1, 0, 3199999999);
initializeRecombinationRate(c(1e-08, 0.5, 1e-08, 0.5, 1e-08, 0.5, 1e-08, 0.5, 1e-08, 0.5, 1e-08, 0.5, 1e-08, 0.5, 1e-08, 0.5, 1e-08, 0.5, 1e-08, 0.5, 1e-08, 0.5, 1e-08, 0.5, 1e-08, 0.5, 1e-08, 0.5, 1e-08, 0.5, 1e-08, 0.5, 1e-08, 0.5, 1e-08, 0.5, 1e-08, 0.5, 1e-08, 0.5, 1e-08, 0.5, 1e-08, 0.5, 1e-08, 0.5, 1e-08, 0.5, 1e-08, 0.5, 1e-08, 0.5, 1e-08, 0.5, 1e-08, 0.5, 1e-08, 0.5, 1e-08, 0.5, 1e-08, 0.5, 1e-08, 0.5, 1e-08, 0.5, 1e-08, 0.5, 1e-08, 0.5, 1e-08, 0.5, 1e-08, 0.5, 1e-08, 0.5, 1e-08, 0.5, 1e-08, 0.5, 1e-08, 0.5, 1e-08, 0.5, 1e-08, 0.5, 1e-08, 0.5, 1e-08, 0.5, 1e-08, 0.5, 1e-08, 0.5, 1e-08, 0.5, 1e-08, 0.5, 1e-08, 0.5, 1e-08, 0.5, 1e-08, 0.5, 1e-08, 0.5, 1e-08, 0.5, 1e-08, 0.5, 1e-08, 0.5, 1e-08, 0.5, 1e-08, 0.5, 1e-08, 0.5, 1e-08, 0.5, 1e-08, 0.5, 1e-08, 0.5, 1e-08, 0.5, 1e-08), c(49999999, 50000000, 99999999, 100000000, 149999999, 150000000, 199999999, 200000000, 249999999, 250000000, 299999999, 300000000, 349999999, 350000000, 399999999, 400000000, 449999999, 450000000, 499999999, 500000000, 549999999, 550000000, 599999999, 600000000, 649999999, 650000000, 699999999, 700000000, 749999999, 750000000, 799999999, 800000000, 849999999, 850000000, 899999999, 900000000, 949999999, 950000000, 999999999, 1000000000, 1049999999, 1050000000, 1099999999, 1100000000, 1149999999, 1150000000, 1199999999, 1200000000, 1249999999, 1250000000, 1299999999, 1300000000, 1349999999, 1350000000, 1399999999, 1400000000, 1449999999, 1450000000, 1499999999, 1500000000, 1549999999, 1550000000, 1599999999, 1600000000, 1649999999, 1650000000, 1699999999, 1700000000, 1749999999, 1750000000, 1799999999, 1800000000, 1849999999, 1850000000, 1899999999, 1900000000, 1949999999, 1950000000, 1999999999, 2000000000, 2049999999, 2050000000, 2099999999, 2100000000, 2149999999, 2150000000, 2199999999, 2200000000, 2249999999, 2250000000, 2299999999, 2300000000, 2349999999, 2350000000, 2399999999, 2400000000, 2449999999, 2450000000, 2499999999, 2500000000, 2549999999, 2550000000, 2599999999, 2600000000, 2649999999, 2650000000, 2699999999, 2700000000, 2749999999, 2750000000, 2799999999, 2800000000, 2849999999, 2850000000, 2899999999, 2900000000, 2949999999, 2950000000, 2999999999, 3000000000, 3049999999, 3050000000, 3099999999, 3100000000, 3149999999, 3150000000, 3199999999));

// Starting run at generation <start>:
1 

// Initial random seed:
1790214723588

// RunInitializeCallbacks():
initializeTreeSeq();
initializeSex("A");
initializeMutationRate(0);
initializeMutationType(1, 0.5, "f", 0);
initializeGenomicElementType(1, m1, 1);
initializeGenomicElement(g1, 0, 3199999999);
initializeRecombinationRate(c(1e-08, 0.5, 1e-08, 0.5, 1e-08, 0.5, 1e-08, 0.5, 1e-08, 0.5, 1e-08, 0.5, 1e-08, 0.5, 1e-08, 0.5, 1e-08, 0.5, 1e-08, 0.5, 1e-08, 0.5, 1e-08, 0.5, 1e-08, 0.5, 1e-08, 0.5, 1e-08, 0.5, 1e-08, 0.5, 1e-08, 0.5, 1e-08, 0.5, 1e-08, 0.5, 1e-08, 0.5, 1e-08, 0.5, 1e-08, 0.5, 1e-08, 0.5, 1e-08, 0.5, 1e-08, 0.5, 1e-08, 0.5, 1e-08, 0.5, 1e-08, 0.5, 1e-08, 0.5, 1e-08, 0.5, 1e-08, 0.5, 1e-08, 0.5, 1e-08, 0.5, 1e-08, 0.5, 1e-08, 0.5, 1e-08, 0.5, 1e-08, 0.5, 1e-08, 0.5, 1e-08, 0.5, 1e-08, 0.5, 1e-08, 0.5, 1e-08, 0.5, 1e-08, 0.5, 1e-08, 0.5, 1e-08, 0.5, 1e-08, 0.5, 1e-08, 0.5, 1e-08, 0.5, 1e-08, 0.5, 1e-08, 0.5, 1e-08, 0.5, 1e-08, 0.5, 1e-08, 0.5, 1e-08, 0.5, 1e-08, 0.5, 1e-08, 0.5, 1e-08, 0.5, 1e-08, 0.5, 1e-08, 0.5, 1e-08, 0.5, 1e-08, 0.5, 1e-08, 0.5, 1e-08, 0.5, 1e-08), c(49999999, 50000000, 99999999, 100000000, 149999999, 150000000, 199999999, 200000000, 249999999, 250000000, 299999999, 300000000, 349999999, 350000000, 399999999, 400000000, 449999999, 450000000, 499999999, 500000000, 549999999, 550000000, 599999999, 600000000, 649999999, 650000000, 699999999, 700000000, 749999999, 750000000, 799999999, 800000000, 849999999, 850000000, 899999999, 900000000, 949999999, 950000000, 999999999, 1000000000, 1049999999, 1050000000, 1099999999, 1100000000, 1149999999, 1150000000, 1199999999, 1200000000, 1249999999, 1250000000, 1299999999, 1300000000, 1349999999, 1350000000, 1399999999, 1400000000, 1449999999, 1450000000, 1499999999, 1500000000, 1549999999, 1550000000, 1599999999, 1600000000, 1649999999, 1650000000, 1699999999, 1700000000, 1749999999, 1750000000, 1799999999, 1800000000, 1849999999, 1850000000, 1899999999, 1900000000, 1949999999, 1950000000, 1999999999, 2000000000, 2049999999, 2050000000, 2099999999, 2100000000, 2149999999, 2150000000, 2199999999, 2200000000, 2249999999, 2250000000, 2299999999, 2300000000, 2349999999, 2350000000, 2399999999, 2400000000, 2449999999, 2450000000, 2499999999, 2500000000, 2549999999, 2550000000, 2599999999, 2600000000, 2649999999, 2650000000, 2699999999, 2700000000, 2749999999, 2750000000, 2799999999, 2800000000, 2849999999, 2850000000, 2899999999, 2900000000, 2949999999, 2950000000, 2999999999, 3000000000, 3049999999, 3050000000, 3099999999, 3100000000, 3149999999, 3150000000, 3199999999));

// Starting run at generation <start>:
1 

// Initial random seed:
1790224723592

// RunInitializeCallbacks():
initializeTreeSeq();
initializeSex("A");
initializeMutationRate(0);
initializeMutationType(1, 0.5, "f", 0);
initializeGenomicElementType(1, m1, 1);
initializeGenomicElement(g1, 0, 3199999999);
initializeRecombinationRate(c(1e-08, 0.5, 1e-08, 0.5, 1e-08, 0.5, 1e-08, 0.5, 1e-08, 0.5, 1e-08, 0.5, 1e-08, 0.5, 1e-08, 0.5, 1e-08, 0.5, 1e-08, 0.5, 1e-08, 0.5, 1e-08, 0.5, 1e-08, 0.5, 1e-08, 0.5, 1e-08, 0.5, 1e-08, 0.5, 1e-08, 0.5, 1e-08, 0.5, 1e-08, 0.5, 1e-08, 0.5, 1e-08, 0.5, 1e-08, 0.5, 1e-08, 0.5, 1e-08, 0.5, 1e-08, 0.5, 1e-08, 0.5, 1e-08, 0.5, 1e-08, 0.5, 1e-08, 0.5, 1e-08, 0.5, 1e-08, 0.5, 1e-08, 0.5, 1e-08, 0.5, 1e-08, 0.5, 1e-08, 0.5, 1e-08, 0.5, 1e-08, 0.5, 1e-08, 0.5, 1e-08, 0.5, 1e-08, 0.5, 1e-08, 0.5, 1e-08, 0.5, 1e-08, 0.5, 1e-08, 0.5, 1e-08, 0.5, 1e-08, 0.5, 1e-08, 0.5, 1e-08, 0.5, 1e-08, 0.5, 1e-08, 0.5, 1e-08, 0.5, 1e-08, 0.5, 1e-08, 0.5, 1e-08, 0.5, 1e-08, 0.5, 1e-08, 0.5, 1e-08, 0.5, 1e-08, 0.5, 1e-08, 0.5, 1e-08, 0.5, 1e-08, 0.5, 1e-08, 0.5, 1e-08, 0.5, 1e-08), c(49999999, 50000000, 99999999, 100000000, 149999999, 150000000, 199999999, 200000000, 249999999, 250000000, 299999999, 300000000, 349999999, 350000000, 399999999, 400000000, 449999999, 450000000, 499999999, 500000000, 549999999, 550000000, 599999999, 600000000, 649999999, 650000000, 699999999, 700000000, 749999999, 750000000, 799999999, 800000000, 849999999, 850000000, 899999999, 900000000, 949999999, 950000000, 999999999, 1000000000, 1049999999, 1050000000, 1099999999, 1100000000, 1149999999, 1150000000, 1199999999, 1200000000, 1249999999, 1250000000, 1299999999, 1300000000, 1349999999, 1350000000, 1399999999, 1400000000, 1449999999, 1450000000, 1499999999, 1500000000, 1549999999, 1550000000, 1599999999, 1600000000, 1649999999, 1650000000, 1699999999, 1700000000, 1749999999, 1750000000, 1799999999, 1800000000, 1849999999, 1850000000, 1899999999, 1900000000, 1949999999, 1950000000, 1999999999, 2000000000, 2049999999, 2050000000, 2099999999, 2100000000, 2149999999, 2150000000, 2199999999, 2200000000, 2249999999, 2250000000, 2299999999, 2300000000, 2349999999, 2350000000, 2399999999, 2400000000, 2449999999, 2450000000, 2499999999, 2500000000, 2549999999, 2550000000, 2599999999, 2600000000, 2649999999, 2650000000, 2699999999, 2700000000, 2749999999, 2750000000, 2799999999, 2800000000, 2849999999, 2850000000, 2899999999, 2900000000, 2949999999, 2950000000, 2999999999, 3000000000, 3049999999, 3050000000, 3099999999, 3100000000, 3149999999, 3150000000, 3199999999));

// Starting run at generation <start>:
1 

// Initial random seed:
1790284723711

// RunInitializeCallbacks():
initializeTreeSeq();
initializeSex("A");
initializeMutationRate(0);
initializeMutationType(1, 0.5, "f", 0);
initializeGenomicElementType(1, m1, 1);
initializeGenomicElement(g1, 0, 3199999999);
initializeRecombinationRate(c(1e-08, 0.5, 1e-08, 0.5, 1e-08, 0.5, 1e-08, 0.5, 1e-08, 0.5, 1e-08, 0.5, 1e-08, 0.5, 1e-08, 0.5, 1e-08, 0.5, 1e-08, 0.5, 1e-08, 0.5, 1e-08, 0.5, 1e-08, 0.5, 1e-08, 0.5, 1e-08, 0.5, 1e-08, 0.5, 1e-08, 0.5, 1e-08, 0.5, 1e-08, 0.5, 1e-08, 0.5, 1e-08, 0.5, 1e-08, 0.5, 1e-08, 0.5, 1e-08, 0.5, 1e-08, 0.5, 1e-08, 0.5, 1e-08, 0.5, 1e-08, 0.5, 1e-08, 0.5, 1e-08, 0.5, 1e-08, 0.5, 1e-08, 0.5, 1e-08, 0.5, 1e-08, 0.5, 1e-08, 0.5, 1e-08, 0.5, 1e-08, 0.5, 1e-08, 0.5, 1e-08, 0.5, 1e-08, 0.5, 1e-08, 0.5, 1e-08, 0.5, 1e-08, 0.5, 1e-08, 0.5, 1e-08, 0.5, 1e-08, 0.5, 1e-08, 0.5, 1e-08, 0.5, 1e-08, 0.5, 1e-08, 0.5, 1e-08, 0.5, 1e-08, 0.5, 1e-08, 0.5, 1e-08, 0.5, 1e-08, 0.5, 1e-08, 0.5, 1e-08, 0.5, 1e-08, 0.5, 1e-08, 0.5, 1e-08, 0.5, 1e-08, 0.5, 1e-08, 0.5, 1e-08, 0.5, 1e-08), c(49999999, 50000000, 99999999, 100000000, 149999999, 150000000, 199999999, 200000000, 249999999, 250000000, 299999999, 300000000, 349999999, 350000000, 399999999, 400000000, 449999999, 450000000, 499999999, 500000000, 549999999, 550000000, 599999999, 600000000, 649999999, 650000000, 699999999, 700000000, 749999999, 750000000, 799999999, 800000000, 849999999, 850000000, 899999999, 900000000, 949999999, 950000000, 999999999, 1000000000, 1049999999, 1050000000, 1099999999, 1100000000, 1149999999, 1150000000, 1199999999, 1200000000, 1249999999, 1250000000, 1299999999, 1300000000, 1349999999, 1350000000, 1399999999, 1400000000, 1449999999, 1450000000, 1499999999, 1500000000, 1549999999, 1550000000, 1599999999, 1600000000, 1649999999, 1650000000, 1699999999, 1700000000, 1749999999, 1750000000, 1799999999, 1800000000, 1849999999, 1850000000, 1899999999, 1900000000, 1949999999, 1950000000, 1999999999, 2000000000, 2049999999, 2050000000, 2099999999, 2100000000, 2149999999, 2150000000, 2199999999, 2200000000, 2249999999, 2250000000, 2299999999, 2300000000, 2349999999, 2350000000, 2399999999, 2400000000, 2449999999, 2450000000, 2499999999, 2500000000, 2549999999, 2550000000, 2599999999, 2600000000, 2649999999, 2650000000, 2699999999, 2700000000, 2749999999, 2750000000, 2799999999, 2800000000, 2849999999, 2850000000, 2899999999, 2900000000, 2949999999, 2950000000, 2999999999, 3000000000, 3049999999, 3050000000, 3099999999, 3100000000, 3149999999, 3150000000, 3199999999));

// Starting run at generation <start>:
1 

// Initial random seed:
1790244723692

// RunInitializeCallbacks():
initializeTreeSeq();
initializeSex("A");
initializeMutationRate(0);
initializeMutationType(1, 0.5, "f", 0);
initializeGenomicElementType(1, m1, 1);
initializeGenomicElement(g1, 0, 3199999999);
initializeRecombinationRate(c(1e-08, 0.5, 1e-08, 0.5, 1e-08, 0.5, 1e-08, 0.5, 1e-08, 0.5, 1e-08, 0.5, 1e-08, 0.5, 1e-08, 0.5, 1e-08, 0.5, 1e-08, 0.5, 1e-08, 0.5, 1e-08, 0.5, 1e-08, 0.5, 1e-08, 0.5, 1e-08, 0.5, 1e-08, 0.5, 1e-08, 0.5, 1e-08, 0.5, 1e-08, 0.5, 1e-08, 0.5, 1e-08, 0.5, 1e-08, 0.5, 1e-08, 0.5, 1e-08, 0.5, 1e-08, 0.5, 1e-08, 0.5, 1e-08, 0.5, 1e-08, 0.5, 1e-08, 0.5, 1e-08, 0.5, 1e-08, 0.5, 1e-08, 0.5, 1e-08, 0.5, 1e-08, 0.5, 1e-08, 0.5, 1e-08, 0.5, 1e-08, 0.5, 1e-08, 0.5, 1e-08, 0.5, 1e-08, 0.5, 1e-08, 0.5, 1e-08, 0.5, 1e-08, 0.5, 1e-08, 0.5, 1e-08, 0.5, 1e-08, 0.5, 1e-08, 0.5, 1e-08, 0.5, 1e-08, 0.5, 1e-08, 0.5, 1e-08, 0.5, 1e-08, 0.5, 1e-08, 0.5, 1e-08, 0.5, 1e-08, 0.5, 1e-08, 0.5, 1e-08, 0.5, 1e-08, 0.5, 1e-08, 0.5, 1e-08, 0.5, 1e-08, 0.5, 1e-08, 0.5, 1e-08, 0.5, 1e-08), c(49999999, 50000000, 99999999, 100000000, 149999999, 150000000, 199999999, 200000000, 249999999, 250000000, 299999999, 300000000, 349999999, 350000000, 399999999, 400000000, 449999999, 450000000, 499999999, 500000000, 549999999, 550000000, 599999999, 600000000, 649999999, 650000000, 699999999, 700000000, 749999999, 750000000, 799999999, 800000000, 849999999, 850000000, 899999999, 900000000, 949999999, 950000000, 999999999, 1000000000, 1049999999, 1050000000, 1099999999, 1100000000, 1149999999, 1150000000, 1199999999, 1200000000, 1249999999, 1250000000, 1299999999, 1300000000, 1349999999, 1350000000, 1399999999, 1400000000, 1449999999, 1450000000, 1499999999, 1500000000, 1549999999, 1550000000, 1599999999, 1600000000, 1649999999, 1650000000, 1699999999, 1700000000, 1749999999, 1750000000, 1799999999, 1800000000, 1849999999, 1850000000, 1899999999, 1900000000, 1949999999, 1950000000, 1999999999, 2000000000, 2049999999, 2050000000, 2099999999, 2100000000, 2149999999, 2150000000, 2199999999, 2200000000, 2249999999, 2250000000, 2299999999, 2300000000, 2349999999, 2350000000, 2399999999, 2400000000, 2449999999, 2450000000, 2499999999, 2500000000, 2549999999, 2550000000, 2599999999, 2600000000, 2649999999, 2650000000, 2699999999, 2700000000, 2749999999, 2750000000, 2799999999, 2800000000, 2849999999, 2850000000, 2899999999, 2900000000, 2949999999, 2950000000, 2999999999, 3000000000, 3049999999, 3050000000, 3099999999, 3100000000, 3149999999, 3150000000, 3199999999));

// Starting run at generation <start>:
1 

