nohup: ignoring input
// Initial random seed:
1791864852828

// RunInitializeCallbacks():
initializeTreeSeq();
initializeSex("A");
initializeMutationRate(0);
initializeMutationType(1, 0.5, "f", 0);
initializeGenomicElementType(1, m1, 1);
initializeGenomicElement(g1, 0, 49999999);
initializeRecombinationRate(1e-08, 49999999);

// Starting run at generation <start>:
1 

// Initial random seed:
1791924852848

// RunInitializeCallbacks():
initializeTreeSeq();
initializeSex("A");
initializeMutationRate(0);
initializeMutationType(1, 0.5, "f", 0);
initializeGenomicElementType(1, m1, 1);
initializeGenomicElement(g1, 0, 49999999);
initializeRecombinationRate(1e-08, 49999999);

// Starting run at generation <start>:
1 

// Initial random seed:
1791904852844

// RunInitializeCallbacks():
initializeTreeSeq();
initializeSex("A");
initializeMutationRate(0);
initializeMutationType(1, 0.5, "f", 0);
initializeGenomicElementType(1, m1, 1);
initializeGenomicElement(g1, 0, 49999999);
initializeRecombinationRate(1e-08, 49999999);

// Starting run at generation <start>:
1 

// Initial random seed:
1791894852841

// RunInitializeCallbacks():
initializeTreeSeq();
initializeSex("A");
initializeMutationRate(0);
initializeMutationType(1, 0.5, "f", 0);
initializeGenomicElementType(1, m1, 1);
initializeGenomicElement(g1, 0, 49999999);
initializeRecombinationRate(1e-08, 49999999);

// Starting run at generation <start>:
1 

// Initial random seed:
1791914852847

// RunInitializeCallbacks():
initializeTreeSeq();
initializeSex("A");
initializeMutationRate(0);
initializeMutationType(1, 0.5, "f", 0);
initializeGenomicElementType(1, m1, 1);
initializeGenomicElement(g1, 0, 49999999);
initializeRecombinationRate(1e-08, 49999999);

// Starting run at generation <start>:
1 

// Initial random seed:
1791874852838

// RunInitializeCallbacks():
initializeTreeSeq();
initializeSex("A");
initializeMutationRate(0);
initializeMutationType(1, 0.5, "f", 0);
initializeGenomicElementType(1, m1, 1);
initializeGenomicElement(g1, 0, 49999999);
initializeRecombinationRate(1e-08, 49999999);

// Starting run at generation <start>:
1 

// Initial random seed:
1791974852859

// RunInitializeCallbacks():
initializeTreeSeq();
initializeSex("A");
initializeMutationRate(0);
initializeMutationType(1, 0.5, "f", 0);
initializeGenomicElementType(1, m1, 1);
initializeGenomicElement(g1, 0, 49999999);
initializeRecombinationRate(1e-08, 49999999);

// Starting run at generation <start>:
1 

// Initial random seed:
1791944852854

// RunInitializeCallbacks():
initializeTreeSeq();
initializeSex("A");
initializeMutationRate(0);
initializeMutationType(1, 0.5, "f", 0);
initializeGenomicElementType(1, m1, 1);
initializeGenomicElement(g1, 0, 49999999);
initializeRecombinationRate(1e-08, 49999999);

// Starting run at generation <start>:
1 

// Initial random seed:
1791884852840

// RunInitializeCallbacks():
initializeTreeSeq();
initializeSex("A");
initializeMutationRate(0);
initializeMutationType(1, 0.5, "f", 0);
initializeGenomicElementType(1, m1, 1);
initializeGenomicElement(g1, 0, 49999999);
initializeRecombinationRate(1e-08, 49999999);

// Starting run at generation <start>:
1 

// Initial random seed:
1791934852851

// RunInitializeCallbacks():
initializeTreeSeq();
initializeSex("A");
initializeMutationRate(0);
initializeMutationType(1, 0.5, "f", 0);
initializeGenomicElementType(1, m1, 1);
initializeGenomicElement(g1, 0, 49999999);
initializeRecombinationRate(1e-08, 49999999);

// Starting run at generation <start>:
1 

// Initial random seed:
1791964852859

// RunInitializeCallbacks():
initializeTreeSeq();
initializeSex("A");
initializeMutationRate(0);
initializeMutationType(1, 0.5, "f", 0);
initializeGenomicElementType(1, m1, 1);
initializeGenomicElement(g1, 0, 49999999);
initializeRecombinationRate(1e-08, 49999999);

// Starting run at generation <start>:
1 

// Initial random seed:
1791954852854

// RunInitializeCallbacks():
initializeTreeSeq();
initializeSex("A");
initializeMutationRate(0);
initializeMutationType(1, 0.5, "f", 0);
initializeGenomicElementType(1, m1, 1);
initializeGenomicElement(g1, 0, 49999999);
initializeRecombinationRate(1e-08, 49999999);

// Starting run at generation <start>:
1 

// Initial random seed:
1792074852887

// RunInitializeCallbacks():
initializeTreeSeq();
initializeSex("A");
initializeMutationRate(0);
initializeMutationType(1, 0.5, "f", 0);
initializeGenomicElementType(1, m1, 1);
initializeGenomicElement(g1, 0, 199999999);
initializeRecombinationRate(c(1e-08, 0.5, 1e-08, 0.5, 1e-08, 0.5, 1e-08), c(49999999, 50000000, 99999999, 100000000, 149999999, 150000000, 199999999));

// Starting run at generation <start>:
1 

// Initial random seed:
1792094852891

// RunInitializeCallbacks():
initializeTreeSeq();
initializeSex("A");
initializeMutationRate(0);
initializeMutationType(1, 0.5, "f", 0);
initializeGenomicElementType(1, m1, 1);
initializeGenomicElement(g1, 0, 199999999);
initializeRecombinationRate(c(1e-08, 0.5, 1e-08, 0.5, 1e-08, 0.5, 1e-08), c(49999999, 50000000, 99999999, 100000000, 149999999, 150000000, 199999999));

// Starting run at generation <start>:
1 

// Initial random seed:
1792084852887

// RunInitializeCallbacks():
initializeTreeSeq();
initializeSex("A");
initializeMutationRate(0);
initializeMutationType(1, 0.5, "f", 0);
initializeGenomicElementType(1, m1, 1);
initializeGenomicElement(g1, 0, 199999999);
initializeRecombinationRate(c(1e-08, 0.5, 1e-08, 0.5, 1e-08, 0.5, 1e-08), c(49999999, 50000000, 99999999, 100000000, 149999999, 150000000, 199999999));

// Starting run at generation <start>:
1 

// Initial random seed:
1792004852866

// RunInitializeCallbacks():
initializeTreeSeq();
initializeSex("A");
initializeMutationRate(0);
initializeMutationType(1, 0.5, "f", 0);
initializeGenomicElementType(1, m1, 1);
initializeGenomicElement(g1, 0, 199999999);
initializeRecombinationRate(c(1e-08, 0.5, 1e-08, 0.5, 1e-08, 0.5, 1e-08), c(49999999, 50000000, 99999999, 100000000, 149999999, 150000000, 199999999));

// Starting run at generation <start>:
1 

// Initial random seed:
1792054852877

// RunInitializeCallbacks():
initializeTreeSeq();
initializeSex("A");
initializeMutationRate(0);
initializeMutationType(1, 0.5, "f", 0);
initializeGenomicElementType(1, m1, 1);
initializeGenomicElement(g1, 0, 199999999);
initializeRecombinationRate(c(1e-08, 0.5, 1e-08, 0.5, 1e-08, 0.5, 1e-08), c(49999999, 50000000, 99999999, 100000000, 149999999, 150000000, 199999999));

// Starting run at generation <start>:
1 

// Initial random seed:
1791984852865

// RunInitializeCallbacks():
initializeTreeSeq();
initializeSex("A");
initializeMutationRate(0);
initializeMutationType(1, 0.5, "f", 0);
initializeGenomicElementType(1, m1, 1);
initializeGenomicElement(g1, 0, 199999999);
initializeRecombinationRate(c(1e-08, 0.5, 1e-08, 0.5, 1e-08, 0.5, 1e-08), c(49999999, 50000000, 99999999, 100000000, 149999999, 150000000, 199999999));

// Starting run at generation <start>:
1 

// Initial random seed:
1792034852873

// RunInitializeCallbacks():
initializeTreeSeq();
initializeSex("A");
initializeMutationRate(0);
initializeMutationType(1, 0.5, "f", 0);
initializeGenomicElementType(1, m1, 1);
initializeGenomicElement(g1, 0, 199999999);
initializeRecombinationRate(c(1e-08, 0.5, 1e-08, 0.5, 1e-08, 0.5, 1e-08), c(49999999, 50000000, 99999999, 100000000, 149999999, 150000000, 199999999));

// Starting run at generation <start>:
1 

// Initial random seed:
1792014852869

// RunInitializeCallbacks():
initializeTreeSeq();
initializeSex("A");
initializeMutationRate(0);
initializeMutationType(1, 0.5, "f", 0);
initializeGenomicElementType(1, m1, 1);
initializeGenomicElement(g1, 0, 199999999);
initializeRecombinationRate(c(1e-08, 0.5, 1e-08, 0.5, 1e-08, 0.5, 1e-08), c(49999999, 50000000, 99999999, 100000000, 149999999, 150000000, 199999999));

// Starting run at generation <start>:
1 

// Initial random seed:
1792044852873

// RunInitializeCallbacks():
initializeTreeSeq();
initializeSex("A");
initializeMutationRate(0);
initializeMutationType(1, 0.5, "f", 0);
initializeGenomicElementType(1, m1, 1);
initializeGenomicElement(g1, 0, 199999999);
initializeRecombinationRate(c(1e-08, 0.5, 1e-08, 0.5, 1e-08, 0.5, 1e-08), c(49999999, 50000000, 99999999, 100000000, 149999999, 150000000, 199999999));

// Starting run at generation <start>:
1 

// Initial random seed:
1791994852865

// RunInitializeCallbacks():
initializeTreeSeq();
initializeSex("A");
initializeMutationRate(0);
initializeMutationType(1, 0.5, "f", 0);
initializeGenomicElementType(1, m1, 1);
initializeGenomicElement(g1, 0, 199999999);
initializeRecombinationRate(c(1e-08, 0.5, 1e-08, 0.5, 1e-08, 0.5, 1e-08), c(49999999, 50000000, 99999999, 100000000, 149999999, 150000000, 199999999));

// Starting run at generation <start>:
1 

// Initial random seed:
1792064852878

// RunInitializeCallbacks():
initializeTreeSeq();
initializeSex("A");
initializeMutationRate(0);
initializeMutationType(1, 0.5, "f", 0);
initializeGenomicElementType(1, m1, 1);
initializeGenomicElement(g1, 0, 199999999);
initializeRecombinationRate(c(1e-08, 0.5, 1e-08, 0.5, 1e-08, 0.5, 1e-08), c(49999999, 50000000, 99999999, 100000000, 149999999, 150000000, 199999999));

// Starting run at generation <start>:
1 

// Initial random seed:
1792024852869

// RunInitializeCallbacks():
initializeTreeSeq();
initializeSex("A");
initializeMutationRate(0);
initializeMutationType(1, 0.5, "f", 0);
initializeGenomicElementType(1, m1, 1);
initializeGenomicElement(g1, 0, 199999999);
initializeRecombinationRate(c(1e-08, 0.5, 1e-08, 0.5, 1e-08, 0.5, 1e-08), c(49999999, 50000000, 99999999, 100000000, 149999999, 150000000, 199999999));

// Starting run at generation <start>:
1 

// Initial random seed:
1792104852896

// RunInitializeCallbacks():
initializeTreeSeq();
initializeSex("A");
initializeMutationRate(0);
initializeMutationType(1, 0.5, "f", 0);
initializeGenomicElementType(1, m1, 1);
initializeGenomicElement(g1, 0, 799999999);
initializeRecombinationRate(c(1e-08, 0.5, 1e-08, 0.5, 1e-08, 0.5, 1e-08, 0.5, 1e-08, 0.5, 1e-08, 0.5, 1e-08, 0.5, 1e-08, 0.5, 1e-08, 0.5, 1e-08, 0.5, 1e-08, 0.5, 1e-08, 0.5, 1e-08, 0.5, 1e-08, 0.5, 1e-08, 0.5, 1e-08), c(49999999, 50000000, 99999999, 100000000, 149999999, 150000000, 199999999, 200000000, 249999999, 250000000, 299999999, 300000000, 349999999, 350000000, 399999999, 400000000, 449999999, 450000000, 499999999, 500000000, 549999999, 550000000, 599999999, 600000000, 649999999, 650000000, 699999999, 700000000, 749999999, 750000000, 799999999));

// Starting run at generation <start>:
1 

// Initial random seed:
1792194870994

// RunInitializeCallbacks():
initializeTreeSeq();
initializeSex("A");
initializeMutationRate(0);
initializeMutationType(1, 0.5, "f", 0);
initializeGenomicElementType(1, m1, 1);
initializeGenomicElement(g1, 0, 799999999);
initializeRecombinationRate(c(1e-08, 0.5, 1e-08, 0.5, 1e-08, 0.5, 1e-08, 0.5, 1e-08, 0.5, 1e-08, 0.5, 1e-08, 0.5, 1e-08, 0.5, 1e-08, 0.5, 1e-08, 0.5, 1e-08, 0.5, 1e-08, 0.5, 1e-08, 0.5, 1e-08, 0.5, 1e-08, 0.5, 1e-08), c(49999999, 50000000, 99999999, 100000000, 149999999, 150000000, 199999999, 200000000, 249999999, 250000000, 299999999, 300000000, 349999999, 350000000, 399999999, 400000000, 449999999, 450000000, 499999999, 500000000, 549999999, 550000000, 599999999, 600000000, 649999999, 650000000, 699999999, 700000000, 749999999, 750000000, 799999999));

// Starting run at generation <start>:
1 

// Initial random seed:
1792214871440

// RunInitializeCallbacks():
initializeTreeSeq();
initializeSex("A");
initializeMutationRate(0);
initializeMutationType(1, 0.5, "f", 0);
initializeGenomicElementType(1, m1, 1);
initializeGenomicElement(g1, 0, 799999999);
initializeRecombinationRate(c(1e-08, 0.5, 1e-08, 0.5, 1e-08, 0.5, 1e-08, 0.5, 1e-08, 0.5, 1e-08, 0.5, 1e-08, 0.5, 1e-08, 0.5, 1e-08, 0.5, 1e-08, 0.5, 1e-08, 0.5, 1e-08, 0.5, 1e-08, 0.5, 1e-08, 0.5, 1e-08, 0.5, 1e-08), c(49999999, 50000000, 99999999, 100000000, 149999999, 150000000, 199999999, 200000000, 249999999, 250000000, 299999999, 300000000, 349999999, 350000000, 399999999, 400000000, 449999999, 450000000, 499999999, 500000000, 549999999, 550000000, 599999999, 600000000, 649999999, 650000000, 699999999, 700000000, 749999999, 750000000, 799999999));

// Starting run at generation <start>:
1 

// Initial random seed:
1792164852907

// RunInitializeCallbacks():
initializeTreeSeq();
initializeSex("A");
initializeMutationRate(0);
initializeMutationType(1, 0.5, "f", 0);
initializeGenomicElementType(1, m1, 1);
initializeGenomicElement(g1, 0, 799999999);
initializeRecombinationRate(c(1e-08, 0.5, 1e-08, 0.5, 1e-08, 0.5, 1e-08, 0.5, 1e-08, 0.5, 1e-08, 0.5, 1e-08, 0.5, 1e-08, 0.5, 1e-08, 0.5, 1e-08, 0.5, 1e-08, 0.5, 1e-08, 0.5, 1e-08, 0.5, 1e-08, 0.5, 1e-08, 0.5, 1e-08), c(49999999, 50000000, 99999999, 100000000, 149999999, 150000000, 199999999, 200000000, 249999999, 250000000, 299999999, 300000000, 349999999, 350000000, 399999999, 400000000, 449999999, 450000000, 499999999, 500000000, 549999999, 550000000, 599999999, 600000000, 649999999, 650000000, 699999999, 700000000, 749999999, 750000000, 799999999));

// Starting run at generation <start>:
1 

// Initial random seed:
1792124852899

// RunInitializeCallbacks():
initializeTreeSeq();
initializeSex("A");
initializeMutationRate(0);
initializeMutationType(1, 0.5, "f", 0);
initializeGenomicElementType(1, m1, 1);
initializeGenomicElement(g1, 0, 799999999);
initializeRecombinationRate(c(1e-08, 0.5, 1e-08, 0.5, 1e-08, 0.5, 1e-08, 0.5, 1e-08, 0.5, 1e-08, 0.5, 1e-08, 0.5, 1e-08, 0.5, 1e-08, 0.5, 1e-08, 0.5, 1e-08, 0.5, 1e-08, 0.5, 1e-08, 0.5, 1e-08, 0.5, 1e-08, 0.5, 1e-08), c(49999999, 50000000, 99999999, 100000000, 149999999, 150000000, 199999999, 200000000, 249999999, 250000000, 299999999, 300000000, 349999999, 350000000, 399999999, 400000000, 449999999, 450000000, 499999999, 500000000, 549999999, 550000000, 599999999, 600000000, 649999999, 650000000, 699999999, 700000000, 749999999, 750000000, 799999999));

// Starting run at generation <start>:
1 

// Initial random seed:
1792114852897

// RunInitializeCallbacks():
initializeTreeSeq();
initializeSex("A");
initializeMutationRate(0);
initializeMutationType(1, 0.5, "f", 0);
initializeGenomicElementType(1, m1, 1);
initializeGenomicElement(g1, 0, 799999999);
initializeRecombinationRate(c(1e-08, 0.5, 1e-08, 0.5, 1e-08, 0.5, 1e-08, 0.5, 1e-08, 0.5, 1e-08, 0.5, 1e-08, 0.5, 1e-08, 0.5, 1e-08, 0.5, 1e-08, 0.5, 1e-08, 0.5, 1e-08, 0.5, 1e-08, 0.5, 1e-08, 0.5, 1e-08, 0.5, 1e-08), c(49999999, 50000000, 99999999, 100000000, 149999999, 150000000, 199999999, 200000000, 249999999, 250000000, 299999999, 300000000, 349999999, 350000000, 399999999, 400000000, 449999999, 450000000, 499999999, 500000000, 549999999, 550000000, 599999999, 600000000, 649999999, 650000000, 699999999, 700000000, 749999999, 750000000, 799999999));

// Starting run at generation <start>:
1 

// Initial random seed:
1792154852904

// RunInitializeCallbacks():
initializeTreeSeq();
initializeSex("A");
initializeMutationRate(0);
initializeMutationType(1, 0.5, "f", 0);
initializeGenomicElementType(1, m1, 1);
initializeGenomicElement(g1, 0, 799999999);
initializeRecombinationRate(c(1e-08, 0.5, 1e-08, 0.5, 1e-08, 0.5, 1e-08, 0.5, 1e-08, 0.5, 1e-08, 0.5, 1e-08, 0.5, 1e-08, 0.5, 1e-08, 0.5, 1e-08, 0.5, 1e-08, 0.5, 1e-08, 0.5, 1e-08, 0.5, 1e-08, 0.5, 1e-08, 0.5, 1e-08), c(49999999, 50000000, 99999999, 100000000, 149999999, 150000000, 199999999, 200000000, 249999999, 250000000, 299999999, 300000000, 349999999, 350000000, 399999999, 400000000, 449999999, 450000000, 499999999, 500000000, 549999999, 550000000, 599999999, 600000000, 649999999, 650000000, 699999999, 700000000, 749999999, 750000000, 799999999));

// Starting run at generation <start>:
1 

// Initial random seed:
1792234871635

// RunInitializeCallbacks():
initializeTreeSeq();
initializeSex("A");
initializeMutationRate(0);
initializeMutationType(1, 0.5, "f", 0);
initializeGenomicElementType(1, m1, 1);
initializeGenomicElement(g1, 0, 799999999);
initializeRecombinationRate(c(1e-08, 0.5, 1e-08, 0.5, 1e-08, 0.5, 1e-08, 0.5, 1e-08, 0.5, 1e-08, 0.5, 1e-08, 0.5, 1e-08, 0.5, 1e-08, 0.5, 1e-08, 0.5, 1e-08, 0.5, 1e-08, 0.5, 1e-08, 0.5, 1e-08, 0.5, 1e-08, 0.5, 1e-08), c(49999999, 50000000, 99999999, 100000000, 149999999, 150000000, 199999999, 200000000, 249999999, 250000000, 299999999, 300000000, 349999999, 350000000, 399999999, 400000000, 449999999, 450000000, 499999999, 500000000, 549999999, 550000000, 599999999, 600000000, 649999999, 650000000, 699999999, 700000000, 749999999, 750000000, 799999999));

// Starting run at generation <start>:
1 

// Initial random seed:
1792184870763

// RunInitializeCallbacks():
initializeTreeSeq();
initializeSex("A");
initializeMutationRate(0);
initializeMutationType(1, 0.5, "f", 0);
initializeGenomicElementType(1, m1, 1);
initializeGenomicElement(g1, 0, 799999999);
initializeRecombinationRate(c(1e-08, 0.5, 1e-08, 0.5, 1e-08, 0.5, 1e-08, 0.5, 1e-08, 0.5, 1e-08, 0.5, 1e-08, 0.5, 1e-08, 0.5, 1e-08, 0.5, 1e-08, 0.5, 1e-08, 0.5, 1e-08, 0.5, 1e-08, 0.5, 1e-08, 0.5, 1e-08, 0.5, 1e-08), c(49999999, 50000000, 99999999, 100000000, 149999999, 150000000, 199999999, 200000000, 249999999, 250000000, 299999999, 300000000, 349999999, 350000000, 399999999, 400000000, 449999999, 450000000, 499999999, 500000000, 549999999, 550000000, 599999999, 600000000, 649999999, 650000000, 699999999, 700000000, 749999999, 750000000, 799999999));

// Starting run at generation <start>:
1 

// Initial random seed:
1792144852902

// RunInitializeCallbacks():
initializeTreeSeq();
initializeSex("A");
initializeMutationRate(0);
initializeMutationType(1, 0.5, "f", 0);
initializeGenomicElementType(1, m1, 1);
initializeGenomicElement(g1, 0, 799999999);
initializeRecombinationRate(c(1e-08, 0.5, 1e-08, 0.5, 1e-08, 0.5, 1e-08, 0.5, 1e-08, 0.5, 1e-08, 0.5, 1e-08, 0.5, 1e-08, 0.5, 1e-08, 0.5, 1e-08, 0.5, 1e-08, 0.5, 1e-08, 0.5, 1e-08, 0.5, 1e-08, 0.5, 1e-08, 0.5, 1e-08), c(49999999, 50000000, 99999999, 100000000, 149999999, 150000000, 199999999, 200000000, 249999999, 250000000, 299999999, 300000000, 349999999, 350000000, 399999999, 400000000, 449999999, 450000000, 499999999, 500000000, 549999999, 550000000, 599999999, 600000000, 649999999, 650000000, 699999999, 700000000, 749999999, 750000000, 799999999));

// Starting run at generation <start>:
1 

// Initial random seed:
1792254871838

// RunInitializeCallbacks():
initializeTreeSeq();
initializeSex("A");
initializeMutationRate(0);
initializeMutationType(1, 0.5, "f", 0);
initializeGenomicElementType(1, m1, 1);
initializeGenomicElement(g1, 0, 799999999);
initializeRecombinationRate(c(1e-08, 0.5, 1e-08, 0.5, 1e-08, 0.5, 1e-08, 0.5, 1e-08, 0.5, 1e-08, 0.5, 1e-08, 0.5, 1e-08, 0.5, 1e-08, 0.5, 1e-08, 0.5, 1e-08, 0.5, 1e-08, 0.5, 1e-08, 0.5, 1e-08, 0.5, 1e-08, 0.5, 1e-08), c(49999999, 50000000, 99999999, 100000000, 149999999, 150000000, 199999999, 200000000, 249999999, 250000000, 299999999, 300000000, 349999999, 350000000, 399999999, 400000000, 449999999, 450000000, 499999999, 500000000, 549999999, 550000000, 599999999, 600000000, 649999999, 650000000, 699999999, 700000000, 749999999, 750000000, 799999999));

// Starting run at generation <start>:
1 

// Initial random seed:
1792244871670

// RunInitializeCallbacks():
initializeTreeSeq();
initializeSex("A");
initializeMutationRate(0);
initializeMutationType(1, 0.5, "f", 0);
initializeGenomicElementType(1, m1, 1);
initializeGenomicElement(g1, 0, 799999999);
initializeRecombinationRate(c(1e-08, 0.5, 1e-08, 0.5, 1e-08, 0.5, 1e-08, 0.5, 1e-08, 0.5, 1e-08, 0.5, 1e-08, 0.5, 1e-08, 0.5, 1e-08, 0.5, 1e-08, 0.5, 1e-08, 0.5, 1e-08, 0.5, 1e-08, 0.5, 1e-08, 0.5, 1e-08, 0.5, 1e-08), c(49999999, 50000000, 99999999, 100000000, 149999999, 150000000, 199999999, 200000000, 249999999, 250000000, 299999999, 300000000, 349999999, 350000000, 399999999, 400000000, 449999999, 450000000, 499999999, 500000000, 549999999, 550000000, 599999999, 600000000, 649999999, 650000000, 699999999, 700000000, 749999999, 750000000, 799999999));

// Starting run at generation <start>:
1 

// Initial random seed:
1792264871855

// RunInitializeCallbacks():
initializeTreeSeq();
initializeSex("A");
initializeMutationRate(0);
initializeMutationType(1, 0.5, "f", 0);
initializeGenomicElementType(1, m1, 1);
initializeGenomicElement(g1, 0, 3199999999);
initializeRecombinationRate(c(1e-08, 0.5, 1e-08, 0.5, 1e-08, 0.5, 1e-08, 0.5, 1e-08, 0.5, 1e-08, 0.5, 1e-08, 0.5, 1e-08, 0.5, 1e-08, 0.5, 1e-08, 0.5, 1e-08, 0.5, 1e-08, 0.5, 1e-08, 0.5, 1e-08, 0.5, 1e-08, 0.5, 1e-08, 0.5, 1e-08, 0.5, 1e-08, 0.5, 1e-08, 0.5, 1e-08, 0.5, 1e-08, 0.5, 1e-08, 0.5, 1e-08, 0.5, 1e-08, 0.5, 1e-08, 0.5, 1e-08, 0.5, 1e-08, 0.5, 1e-08, 0.5, 1e-08, 0.5, 1e-08, 0.5, 1e-08, 0.5, 1e-08, 0.5, 1e-08, 0.5, 1e-08, 0.5, 1e-08, 0.5, 1e-08, 0.5, 1e-08, 0.5, 1e-08, 0.5, 1e-08, 0.5, 1e-08, 0.5, 1e-08, 0.5, 1e-08, 0.5, 1e-08, 0.5, 1e-08, 0.5, 1e-08, 0.5, 1e-08, 0.5, 1e-08, 0.5, 1e-08, 0.5, 1e-08, 0.5, 1e-08, 0.5, 1e-08, 0.5, 1e-08, 0.5, 1e-08, 0.5, 1e-08, 0.5, 1e-08, 0.5, 1e-08, 0.5, 1e-08, 0.5, 1e-08, 0.5, 1e-08, 0.5, 1e-08, 0.5, 1e-08, 0.5, 1e-08, 0.5, 1e-08, 0.5, 1e-08), c(49999999, 50000000, 99999999, 100000000, 149999999, 150000000, 199999999, 200000000, 249999999, 250000000, 299999999, 300000000, 349999999, 350000000, 399999999, 400000000, 449999999, 450000000, 499999999, 500000000, 549999999, 550000000, 599999999, 600000000, 649999999, 650000000, 699999999, 700000000, 749999999, 750000000, 799999999, 800000000, 849999999, 850000000, 899999999, 900000000, 949999999, 950000000, 999999999, 1000000000, 1049999999, 1050000000, 1099999999, 1100000000, 1149999999, 1150000000, 1199999999, 1200000000, 1249999999, 1250000000, 1299999999, 1300000000, 1349999999, 1350000000, 1399999999, 1400000000, 1449999999, 1450000000, 1499999999, 1500000000, 1549999999, 1550000000, 1599999999, 1600000000, 1649999999, 1650000000, 1699999999, 1700000000, 1749999999, 1750000000, 1799999999, 1800000000, 1849999999, 1850000000, 1899999999, 1900000000, 1949999999, 1950000000, 1999999999, 2000000000, 2049999999, 2050000000, 2099999999, 2100000000, 2149999999, 2150000000, 2199999999, 2200000000, 2249999999, 2250000000, 2299999999, 2300000000, 2349999999, 2350000000, 2399999999, 2400000000, 2449999999, 2450000000, 2499999999, 2500000000, 2549999999, 2550000000, 2599999999, 2600000000, 2649999999, 2650000000, 2699999999, 2700000000, 2749999999, 2750000000, 2799999999, 2800000000, 2849999999, 2850000000, 2899999999, 2900000000, 2949999999, 2950000000, 2999999999, 3000000000, 3049999999, 3050000000, 3099999999, 3100000000, 3149999999, 3150000000, 3199999999));

// Starting run at generation <start>:
1 

// Initial random seed:
1792284872507

// RunInitializeCallbacks():
initializeTreeSeq();
initializeSex("A");
initializeMutationRate(0);
initializeMutationType(1, 0.5, "f", 0);
initializeGenomicElementType(1, m1, 1);
initializeGenomicElement(g1, 0, 3199999999);
initializeRecombinationRate(c(1e-08, 0.5, 1e-08, 0.5, 1e-08, 0.5, 1e-08, 0.5, 1e-08, 0.5, 1e-08, 0.5, 1e-08, 0.5, 1e-08, 0.5, 1e-08, 0.5, 1e-08, 0.5, 1e-08, 0.5, 1e-08, 0.5, 1e-08, 0.5, 1e-08, 0.5, 1e-08, 0.5, 1e-08, 0.5, 1e-08, 0.5, 1e-08, 0.5, 1e-08, 0.5, 1e-08, 0.5, 1e-08, 0.5, 1e-08, 0.5, 1e-08, 0.5, 1e-08, 0.5, 1e-08, 0.5, 1e-08, 0.5, 1e-08, 0.5, 1e-08, 0.5, 1e-08, 0.5, 1e-08, 0.5, 1e-08, 0.5, 1e-08, 0.5, 1e-08, 0.5, 1e-08, 0.5, 1e-08, 0.5, 1e-08, 0.5, 1e-08, 0.5, 1e-08, 0.5, 1e-08, 0.5, 1e-08, 0.5, 1e-08, 0.5, 1e-08, 0.5, 1e-08, 0.5, 1e-08, 0.5, 1e-08, 0.5, 1e-08, 0.5, 1e-08, 0.5, 1e-08, 0.5, 1e-08, 0.5, 1e-08, 0.5, 1e-08, 0.5, 1e-08, 0.5, 1e-08, 0.5, 1e-08, 0.5, 1e-08, 0.5, 1e-08, 0.5, 1e-08, 0.5, 1e-08, 0.5, 1e-08, 0.5, 1e-08, 0.5, 1e-08, 0.5, 1e-08, 0.5, 1e-08, 0.5, 1e-08), c(49999999, 50000000, 99999999, 100000000, 149999999, 150000000, 199999999, 200000000, 249999999, 250000000, 299999999, 300000000, 349999999, 350000000, 399999999, 400000000, 449999999, 450000000, 499999999, 500000000, 549999999, 550000000, 599999999, 600000000, 649999999, 650000000, 699999999, 700000000, 749999999, 750000000, 799999999, 800000000, 849999999, 850000000, 899999999, 900000000, 949999999, 950000000, 999999999, 1000000000, 1049999999, 1050000000, 1099999999, 1100000000, 1149999999, 1150000000, 1199999999, 1200000000, 1249999999, 1250000000, 1299999999, 1300000000, 1349999999, 1350000000, 1399999999, 1400000000, 1449999999, 1450000000, 1499999999, 1500000000, 1549999999, 1550000000, 1599999999, 1600000000, 1649999999, 1650000000, 1699999999, 1700000000, 1749999999, 1750000000, 1799999999, 1800000000, 1849999999, 1850000000, 1899999999, 1900000000, 1949999999, 1950000000, 1999999999, 2000000000, 2049999999, 2050000000, 2099999999, 2100000000, 2149999999, 2150000000, 2199999999, 2200000000, 2249999999, 2250000000, 2299999999, 2300000000, 2349999999, 2350000000, 2399999999, 2400000000, 2449999999, 2450000000, 2499999999, 2500000000, 2549999999, 2550000000, 2599999999, 2600000000, 2649999999, 2650000000, 2699999999, 2700000000, 2749999999, 2750000000, 2799999999, 2800000000, 2849999999, 2850000000, 2899999999, 2900000000, 2949999999, 2950000000, 2999999999, 3000000000, 3049999999, 3050000000, 3099999999, 3100000000, 3149999999, 3150000000, 3199999999));

// Starting run at generation <start>:
1 

// Initial random seed:
1792294872513

// RunInitializeCallbacks():
initializeTreeSeq();
initializeSex("A");
initializeMutationRate(0);
initializeMutationType(1, 0.5, "f", 0);
initializeGenomicElementType(1, m1, 1);
initializeGenomicElement(g1, 0, 3199999999);
initializeRecombinationRate(c(1e-08, 0.5, 1e-08, 0.5, 1e-08, 0.5, 1e-08, 0.5, 1e-08, 0.5, 1e-08, 0.5, 1e-08, 0.5, 1e-08, 0.5, 1e-08, 0.5, 1e-08, 0.5, 1e-08, 0.5, 1e-08, 0.5, 1e-08, 0.5, 1e-08, 0.5, 1e-08, 0.5, 1e-08, 0.5, 1e-08, 0.5, 1e-08, 0.5, 1e-08, 0.5, 1e-08, 0.5, 1e-08, 0.5, 1e-08, 0.5, 1e-08, 0.5, 1e-08, 0.5, 1e-08, 0.5, 1e-08, 0.5, 1e-08, 0.5, 1e-08, 0.5, 1e-08, 0.5, 1e-08, 0.5, 1e-08, 0.5, 1e-08, 0.5, 1e-08, 0.5, 1e-08, 0.5, 1e-08, 0.5, 1e-08, 0.5, 1e-08, 0.5, 1e-08, 0.5, 1e-08, 0.5, 1e-08, 0.5, 1e-08, 0.5, 1e-08, 0.5, 1e-08, 0.5, 1e-08, 0.5, 1e-08, 0.5, 1e-08, 0.5, 1e-08, 0.5, 1e-08, 0.5, 1e-08, 0.5, 1e-08, 0.5, 1e-08, 0.5, 1e-08, 0.5, 1e-08, 0.5, 1e-08, 0.5, 1e-08, 0.5, 1e-08, 0.5, 1e-08, 0.5, 1e-08, 0.5, 1e-08, 0.5, 1e-08, 0.5, 1e-08, 0.5, 1e-08, 0.5, 1e-08, 0.5, 1e-08), c(49999999, 50000000, 99999999, 100000000, 149999999, 150000000, 199999999, 200000000, 249999999, 250000000, 299999999, 300000000, 349999999, 350000000, 399999999, 400000000, 449999999, 450000000, 499999999, 500000000, 549999999, 550000000, 599999999, 600000000, 649999999, 650000000, 699999999, 700000000, 749999999, 750000000, 799999999, 800000000, 849999999, 850000000, 899999999, 900000000, 949999999, 950000000, 999999999, 1000000000, 1049999999, 1050000000, 1099999999, 1100000000, 1149999999, 1150000000, 1199999999, 1200000000, 1249999999, 1250000000, 1299999999, 1300000000, 1349999999, 1350000000, 1399999999, 1400000000, 1449999999, 1450000000, 1499999999, 1500000000, 1549999999, 1550000000, 1599999999, 1600000000, 1649999999, 1650000000, 1699999999, 1700000000, 1749999999, 1750000000, 1799999999, 1800000000, 1849999999, 1850000000, 1899999999, 1900000000, 1949999999, 1950000000, 1999999999, 2000000000, 2049999999, 2050000000, 2099999999, 2100000000, 2149999999, 2150000000, 2199999999, 2200000000, 2249999999, 2250000000, 2299999999, 2300000000, 2349999999, 2350000000, 2399999999, 2400000000, 2449999999, 2450000000, 2499999999, 2500000000, 2549999999, 2550000000, 2599999999, 2600000000, 2649999999, 2650000000, 2699999999, 2700000000, 2749999999, 2750000000, 2799999999, 2800000000, 2849999999, 2850000000, 2899999999, 2900000000, 2949999999, 2950000000, 2999999999, 3000000000, 3049999999, 3050000000, 3099999999, 3100000000, 3149999999, 3150000000, 3199999999));

// Starting run at generation <start>:
1 

// Initial random seed:
1792504914813

// RunInitializeCallbacks():
initializeTreeSeq();
initializeSex("A");
initializeMutationRate(0);
initializeMutationType(1, 0.5, "f", 0);
initializeGenomicElementType(1, m1, 1);
initializeGenomicElement(g1, 0, 3199999999);
initializeRecombinationRate(c(1e-08, 0.5, 1e-08, 0.5, 1e-08, 0.5, 1e-08, 0.5, 1e-08, 0.5, 1e-08, 0.5, 1e-08, 0.5, 1e-08, 0.5, 1e-08, 0.5, 1e-08, 0.5, 1e-08, 0.5, 1e-08, 0.5, 1e-08, 0.5, 1e-08, 0.5, 1e-08, 0.5, 1e-08, 0.5, 1e-08, 0.5, 1e-08, 0.5, 1e-08, 0.5, 1e-08, 0.5, 1e-08, 0.5, 1e-08, 0.5, 1e-08, 0.5, 1e-08, 0.5, 1e-08, 0.5, 1e-08, 0.5, 1e-08, 0.5, 1e-08, 0.5, 1e-08, 0.5, 1e-08, 0.5, 1e-08, 0.5, 1e-08, 0.5, 1e-08, 0.5, 1e-08, 0.5, 1e-08, 0.5, 1e-08, 0.5, 1e-08, 0.5, 1e-08, 0.5, 1e-08, 0.5, 1e-08, 0.5, 1e-08, 0.5, 1e-08, 0.5, 1e-08, 0.5, 1e-08, 0.5, 1e-08, 0.5, 1e-08, 0.5, 1e-08, 0.5, 1e-08, 0.5, 1e-08, 0.5, 1e-08, 0.5, 1e-08, 0.5, 1e-08, 0.5, 1e-08, 0.5, 1e-08, 0.5, 1e-08, 0.5, 1e-08, 0.5, 1e-08, 0.5, 1e-08, 0.5, 1e-08, 0.5, 1e-08, 0.5, 1e-08, 0.5, 1e-08, 0.5, 1e-08, 0.5, 1e-08), c(49999999, 50000000, 99999999, 100000000, 149999999, 150000000, 199999999, 200000000, 249999999, 250000000, 299999999, 300000000, 349999999, 350000000, 399999999, 400000000, 449999999, 450000000, 499999999, 500000000, 549999999, 550000000, 599999999, 600000000, 649999999, 650000000, 699999999, 700000000, 749999999, 750000000, 799999999, 800000000, 849999999, 850000000, 899999999, 900000000, 949999999, 950000000, 999999999, 1000000000, 1049999999, 1050000000, 1099999999, 1100000000, 1149999999, 1150000000, 1199999999, 1200000000, 1249999999, 1250000000, 1299999999, 1300000000, 1349999999, 1350000000, 1399999999, 1400000000, 1449999999, 1450000000, 1499999999, 1500000000, 1549999999, 1550000000, 1599999999, 1600000000, 1649999999, 1650000000, 1699999999, 1700000000, 1749999999, 1750000000, 1799999999, 1800000000, 1849999999, 1850000000, 1899999999, 1900000000, 1949999999, 1950000000, 1999999999, 2000000000, 2049999999, 2050000000, 2099999999, 2100000000, 2149999999, 2150000000, 2199999999, 2200000000, 2249999999, 2250000000, 2299999999, 2300000000, 2349999999, 2350000000, 2399999999, 2400000000, 2449999999, 2450000000, 2499999999, 2500000000, 2549999999, 2550000000, 2599999999, 2600000000, 2649999999, 2650000000, 2699999999, 2700000000, 2749999999, 2750000000, 2799999999, 2800000000, 2849999999, 2850000000, 2899999999, 2900000000, 2949999999, 2950000000, 2999999999, 3000000000, 3049999999, 3050000000, 3099999999, 3100000000, 3149999999, 3150000000, 3199999999));

// Starting run at generation <start>:
1 

// Initial random seed:
1792304872519

// RunInitializeCallbacks():
initializeTreeSeq();
initializeSex("A");
initializeMutationRate(0);
initializeMutationType(1, 0.5, "f", 0);
initializeGenomicElementType(1, m1, 1);
initializeGenomicElement(g1, 0, 3199999999);
initializeRecombinationRate(c(1e-08, 0.5, 1e-08, 0.5, 1e-08, 0.5, 1e-08, 0.5, 1e-08, 0.5, 1e-08, 0.5, 1e-08, 0.5, 1e-08, 0.5, 1e-08, 0.5, 1e-08, 0.5, 1e-08, 0.5, 1e-08, 0.5, 1e-08, 0.5, 1e-08, 0.5, 1e-08, 0.5, 1e-08, 0.5, 1e-08, 0.5, 1e-08, 0.5, 1e-08, 0.5, 1e-08, 0.5, 1e-08, 0.5, 1e-08, 0.5, 1e-08, 0.5, 1e-08, 0.5, 1e-08, 0.5, 1e-08, 0.5, 1e-08, 0.5, 1e-08, 0.5, 1e-08, 0.5, 1e-08, 0.5, 1e-08, 0.5, 1e-08, 0.5, 1e-08, 0.5, 1e-08, 0.5, 1e-08, 0.5, 1e-08, 0.5, 1e-08, 0.5, 1e-08, 0.5, 1e-08, 0.5, 1e-08, 0.5, 1e-08, 0.5, 1e-08, 0.5, 1e-08, 0.5, 1e-08, 0.5, 1e-08, 0.5, 1e-08, 0.5, 1e-08, 0.5, 1e-08, 0.5, 1e-08, 0.5, 1e-08, 0.5, 1e-08, 0.5, 1e-08, 0.5, 1e-08, 0.5, 1e-08, 0.5, 1e-08, 0.5, 1e-08, 0.5, 1e-08, 0.5, 1e-08, 0.5, 1e-08, 0.5, 1e-08, 0.5, 1e-08, 0.5, 1e-08, 0.5, 1e-08, 0.5, 1e-08), c(49999999, 50000000, 99999999, 100000000, 149999999, 150000000, 199999999, 200000000, 249999999, 250000000, 299999999, 300000000, 349999999, 350000000, 399999999, 400000000, 449999999, 450000000, 499999999, 500000000, 549999999, 550000000, 599999999, 600000000, 649999999, 650000000, 699999999, 700000000, 749999999, 750000000, 799999999, 800000000, 849999999, 850000000, 899999999, 900000000, 949999999, 950000000, 999999999, 1000000000, 1049999999, 1050000000, 1099999999, 1100000000, 1149999999, 1150000000, 1199999999, 1200000000, 1249999999, 1250000000, 1299999999, 1300000000, 1349999999, 1350000000, 1399999999, 1400000000, 1449999999, 1450000000, 1499999999, 1500000000, 1549999999, 1550000000, 1599999999, 1600000000, 1649999999, 1650000000, 1699999999, 1700000000, 1749999999, 1750000000, 1799999999, 1800000000, 1849999999, 1850000000, 1899999999, 1900000000, 1949999999, 1950000000, 1999999999, 2000000000, 2049999999, 2050000000, 2099999999, 2100000000, 2149999999, 2150000000, 2199999999, 2200000000, 2249999999, 2250000000, 2299999999, 2300000000, 2349999999, 2350000000, 2399999999, 2400000000, 2449999999, 2450000000, 2499999999, 2500000000, 2549999999, 2550000000, 2599999999, 2600000000, 2649999999, 2650000000, 2699999999, 2700000000, 2749999999, 2750000000, 2799999999, 2800000000, 2849999999, 2850000000, 2899999999, 2900000000, 2949999999, 2950000000, 2999999999, 3000000000, 3049999999, 3050000000, 3099999999, 3100000000, 3149999999, 3150000000, 3199999999));

// Starting run at generation <start>:
1 

// Initial random seed:
1792394897959

// RunInitializeCallbacks():
initializeTreeSeq();
initializeSex("A");
initializeMutationRate(0);
initializeMutationType(1, 0.5, "f", 0);
initializeGenomicElementType(1, m1, 1);
initializeGenomicElement(g1, 0, 3199999999);
initializeRecombinationRate(c(1e-08, 0.5, 1e-08, 0.5, 1e-08, 0.5, 1e-08, 0.5, 1e-08, 0.5, 1e-08, 0.5, 1e-08, 0.5, 1e-08, 0.5, 1e-08, 0.5, 1e-08, 0.5, 1e-08, 0.5, 1e-08, 0.5, 1e-08, 0.5, 1e-08, 0.5, 1e-08, 0.5, 1e-08, 0.5, 1e-08, 0.5, 1e-08, 0.5, 1e-08, 0.5, 1e-08, 0.5, 1e-08, 0.5, 1e-08, 0.5, 1e-08, 0.5, 1e-08, 0.5, 1e-08, 0.5, 1e-08, 0.5, 1e-08, 0.5, 1e-08, 0.5, 1e-08, 0.5, 1e-08, 0.5, 1e-08, 0.5, 1e-08, 0.5, 1e-08, 0.5, 1e-08, 0.5, 1e-08, 0.5, 1e-08, 0.5, 1e-08, 0.5, 1e-08, 0.5, 1e-08, 0.5, 1e-08, 0.5, 1e-08, 0.5, 1e-08, 0.5, 1e-08, 0.5, 1e-08, 0.5, 1e-08, 0.5, 1e-08, 0.5, 1e-08, 0.5, 1e-08, 0.5, 1e-08, 0.5, 1e-08, 0.5, 1e-08, 0.5, 1e-08, 0.5, 1e-08, 0.5, 1e-08, 0.5, 1e-08, 0.5, 1e-08, 0.5, 1e-08, 0.5, 1e-08, 0.5, 1e-08, 0.5, 1e-08, 0.5, 1e-08, 0.5, 1e-08, 0.5, 1e-08, 0.5, 1e-08), c(49999999, 50000000, 99999999, 100000000, 149999999, 150000000, 199999999, 200000000, 249999999, 250000000, 299999999, 300000000, 349999999, 350000000, 399999999, 400000000, 449999999, 450000000, 499999999, 500000000, 549999999, 550000000, 599999999, 600000000, 649999999, 650000000, 699999999, 700000000, 749999999, 750000000, 799999999, 800000000, 849999999, 850000000, 899999999, 900000000, 949999999, 950000000, 999999999, 1000000000, 1049999999, 1050000000, 1099999999, 1100000000, 1149999999, 1150000000, 1199999999, 1200000000, 1249999999, 1250000000, 1299999999, 1300000000, 1349999999, 1350000000, 1399999999, 1400000000, 1449999999, 1450000000, 1499999999, 1500000000, 1549999999, 1550000000, 1599999999, 1600000000, 1649999999, 1650000000, 1699999999, 1700000000, 1749999999, 1750000000, 1799999999, 1800000000, 1849999999, 1850000000, 1899999999, 1900000000, 1949999999, 1950000000, 1999999999, 2000000000, 2049999999, 2050000000, 2099999999, 2100000000, 2149999999, 2150000000, 2199999999, 2200000000, 2249999999, 2250000000, 2299999999, 2300000000, 2349999999, 2350000000, 2399999999, 2400000000, 2449999999, 2450000000, 2499999999, 2500000000, 2549999999, 2550000000, 2599999999, 2600000000, 2649999999, 2650000000, 2699999999, 2700000000, 2749999999, 2750000000, 2799999999, 2800000000, 2849999999, 2850000000, 2899999999, 2900000000, 2949999999, 2950000000, 2999999999, 3000000000, 3049999999, 3050000000, 3099999999, 3100000000, 3149999999, 3150000000, 3199999999));

// Starting run at generation <start>:
1 

// Initial random seed:
1792414898387

// RunInitializeCallbacks():
initializeTreeSeq();
initializeSex("A");
initializeMutationRate(0);
initializeMutationType(1, 0.5, "f", 0);
initializeGenomicElementType(1, m1, 1);
initializeGenomicElement(g1, 0, 3199999999);
initializeRecombinationRate(c(1e-08, 0.5, 1e-08, 0.5, 1e-08, 0.5, 1e-08, 0.5, 1e-08, 0.5, 1e-08, 0.5, 1e-08, 0.5, 1e-08, 0.5, 1e-08, 0.5, 1e-08, 0.5, 1e-08, 0.5, 1e-08, 0.5, 1e-08, 0.5, 1e-08, 0.5, 1e-08, 0.5, 1e-08, 0.5, 1e-08, 0.5, 1e-08, 0.5, 1e-08, 0.5, 1e-08, 0.5, 1e-08, 0.5, 1e-08, 0.5, 1e-08, 0.5, 1e-08, 0.5, 1e-08, 0.5, 1e-08, 0.5, 1e-08, 0.5, 1e-08, 0.5, 1e-08, 0.5, 1e-08, 0.5, 1e-08, 0.5, 1e-08, 0.5, 1e-08, 0.5, 1e-08, 0.5, 1e-08, 0.5, 1e-08, 0.5, 1e-08, 0.5, 1e-08, 0.5, 1e-08, 0.5, 1e-08, 0.5, 1e-08, 0.5, 1e-08, 0.5, 1e-08, 0.5, 1e-08, 0.5, 1e-08, 0.5, 1e-08, 0.5, 1e-08, 0.5, 1e-08, 0.5, 1e-08, 0.5, 1e-08, 0.5, 1e-08, 0.5, 1e-08, 0.5, 1e-08, 0.5, 1e-08, 0.5, 1e-08, 0.5, 1e-08, 0.5, 1e-08, 0.5, 1e-08, 0.5, 1e-08, 0.5, 1e-08, 0.5, 1e-08, 0.5, 1e-08, 0.5, 1e-08, 0.5, 1e-08), c(49999999, 50000000, 99999999, 100000000, 149999999, 150000000, 199999999, 200000000, 249999999, 250000000, 299999999, 300000000, 349999999, 350000000, 399999999, 400000000, 449999999, 450000000, 499999999, 500000000, 549999999, 550000000, 599999999, 600000000, 649999999, 650000000, 699999999, 700000000, 749999999, 750000000, 799999999, 800000000, 849999999, 850000000, 899999999, 900000000, 949999999, 950000000, 999999999, 1000000000, 1049999999, 1050000000, 1099999999, 1100000000, 1149999999, 1150000000, 1199999999, 1200000000, 1249999999, 1250000000, 1299999999, 1300000000, 1349999999, 1350000000, 1399999999, 1400000000, 1449999999, 1450000000, 1499999999, 1500000000, 1549999999, 1550000000, 1599999999, 1600000000, 1649999999, 1650000000, 1699999999, 1700000000, 1749999999, 1750000000, 1799999999, 1800000000, 1849999999, 1850000000, 1899999999, 1900000000, 1949999999, 1950000000, 1999999999, 2000000000, 2049999999, 2050000000, 2099999999, 2100000000, 2149999999, 2150000000, 2199999999, 2200000000, 2249999999, 2250000000, 2299999999, 2300000000, 2349999999, 2350000000, 2399999999, 2400000000, 2449999999, 2450000000, 2499999999, 2500000000, 2549999999, 2550000000, 2599999999, 2600000000, 2649999999, 2650000000, 2699999999, 2700000000, 2749999999, 2750000000, 2799999999, 2800000000, 2849999999, 2850000000, 2899999999, 2900000000, 2949999999, 2950000000, 2999999999, 3000000000, 3049999999, 3050000000, 3099999999, 3100000000, 3149999999, 3150000000, 3199999999));

// Starting run at generation <start>:
1 

// Initial random seed:
1792364877951

// RunInitializeCallbacks():
initializeTreeSeq();
initializeSex("A");
initializeMutationRate(0);
initializeMutationType(1, 0.5, "f", 0);
initializeGenomicElementType(1, m1, 1);
initializeGenomicElement(g1, 0, 3199999999);
initializeRecombinationRate(c(1e-08, 0.5, 1e-08, 0.5, 1e-08, 0.5, 1e-08, 0.5, 1e-08, 0.5, 1e-08, 0.5, 1e-08, 0.5, 1e-08, 0.5, 1e-08, 0.5, 1e-08, 0.5, 1e-08, 0.5, 1e-08, 0.5, 1e-08, 0.5, 1e-08, 0.5, 1e-08, 0.5, 1e-08, 0.5, 1e-08, 0.5, 1e-08, 0.5, 1e-08, 0.5, 1e-08, 0.5, 1e-08, 0.5, 1e-08, 0.5, 1e-08, 0.5, 1e-08, 0.5, 1e-08, 0.5, 1e-08, 0.5, 1e-08, 0.5, 1e-08, 0.5, 1e-08, 0.5, 1e-08, 0.5, 1e-08, 0.5, 1e-08, 0.5, 1e-08, 0.5, 1e-08, 0.5, 1e-08, 0.5, 1e-08, 0.5, 1e-08, 0.5, 1e-08, 0.5, 1e-08, 0.5, 1e-08, 0.5, 1e-08, 0.5, 1e-08, 0.5, 1e-08, 0.5, 1e-08, 0.5, 1e-08, 0.5, 1e-08, 0.5, 1e-08, 0.5, 1e-08, 0.5, 1e-08, 0.5, 1e-08, 0.5, 1e-08, 0.5, 1e-08, 0.5, 1e-08, 0.5, 1e-08, 0.5, 1e-08, 0.5, 1e-08, 0.5, 1e-08, 0.5, 1e-08, 0.5, 1e-08, 0.5, 1e-08, 0.5, 1e-08, 0.5, 1e-08, 0.5, 1e-08, 0.5, 1e-08), c(49999999, 50000000, 99999999, 100000000, 149999999, 150000000, 199999999, 200000000, 249999999, 250000000, 299999999, 300000000, 349999999, 350000000, 399999999, 400000000, 449999999, 450000000, 499999999, 500000000, 549999999, 550000000, 599999999, 600000000, 649999999, 650000000, 699999999, 700000000, 749999999, 750000000, 799999999, 800000000, 849999999, 850000000, 899999999, 900000000, 949999999, 950000000, 999999999, 1000000000, 1049999999, 1050000000, 1099999999, 1100000000, 1149999999, 1150000000, 1199999999, 1200000000, 1249999999, 1250000000, 1299999999, 1300000000, 1349999999, 1350000000, 1399999999, 1400000000, 1449999999, 1450000000, 1499999999, 1500000000, 1549999999, 1550000000, 1599999999, 1600000000, 1649999999, 1650000000, 1699999999, 1700000000, 1749999999, 1750000000, 1799999999, 1800000000, 1849999999, 1850000000, 1899999999, 1900000000, 1949999999, 1950000000, 1999999999, 2000000000, 2049999999, 2050000000, 2099999999, 2100000000, 2149999999, 2150000000, 2199999999, 2200000000, 2249999999, 2250000000, 2299999999, 2300000000, 2349999999, 2350000000, 2399999999, 2400000000, 2449999999, 2450000000, 2499999999, 2500000000, 2549999999, 2550000000, 2599999999, 2600000000, 2649999999, 2650000000, 2699999999, 2700000000, 2749999999, 2750000000, 2799999999, 2800000000, 2849999999, 2850000000, 2899999999, 2900000000, 2949999999, 2950000000, 2999999999, 3000000000, 3049999999, 3050000000, 3099999999, 3100000000, 3149999999, 3150000000, 3199999999));

// Starting run at generation <start>:
1 

// Initial random seed:
1792274872500

// RunInitializeCallbacks():
initializeTreeSeq();
initializeSex("A");
initializeMutationRate(0);
initializeMutationType(1, 0.5, "f", 0);
initializeGenomicElementType(1, m1, 1);
initializeGenomicElement(g1, 0, 3199999999);
initializeRecombinationRate(c(1e-08, 0.5, 1e-08, 0.5, 1e-08, 0.5, 1e-08, 0.5, 1e-08, 0.5, 1e-08, 0.5, 1e-08, 0.5, 1e-08, 0.5, 1e-08, 0.5, 1e-08, 0.5, 1e-08, 0.5, 1e-08, 0.5, 1e-08, 0.5, 1e-08, 0.5, 1e-08, 0.5, 1e-08, 0.5, 1e-08, 0.5, 1e-08, 0.5, 1e-08, 0.5, 1e-08, 0.5, 1e-08, 0.5, 1e-08, 0.5, 1e-08, 0.5, 1e-08, 0.5, 1e-08, 0.5, 1e-08, 0.5, 1e-08, 0.5, 1e-08, 0.5, 1e-08, 0.5, 1e-08, 0.5, 1e-08, 0.5, 1e-08, 0.5, 1e-08, 0.5, 1e-08, 0.5, 1e-08, 0.5, 1e-08, 0.5, 1e-08, 0.5, 1e-08, 0.5, 1e-08, 0.5, 1e-08, 0.5, 1e-08, 0.5, 1e-08, 0.5, 1e-08, 0.5, 1e-08, 0.5, 1e-08, 0.5, 1e-08, 0.5, 1e-08, 0.5, 1e-08, 0.5, 1e-08, 0.5, 1e-08, 0.5, 1e-08, 0.5, 1e-08, 0.5, 1e-08, 0.5, 1e-08, 0.5, 1e-08, 0.5, 1e-08, 0.5, 1e-08, 0.5, 1e-08, 0.5, 1e-08, 0.5, 1e-08, 0.5, 1e-08, 0.5, 1e-08, 0.5, 1e-08, 0.5, 1e-08), c(49999999, 50000000, 99999999, 100000000, 149999999, 150000000, 199999999, 200000000, 249999999, 250000000, 299999999, 300000000, 349999999, 350000000, 399999999, 400000000, 449999999, 450000000, 499999999, 500000000, 549999999, 550000000, 599999999, 600000000, 649999999, 650000000, 699999999, 700000000, 749999999, 750000000, 799999999, 800000000, 849999999, 850000000, 899999999, 900000000, 949999999, 950000000, 999999999, 1000000000, 1049999999, 1050000000, 1099999999, 1100000000, 1149999999, 1150000000, 1199999999, 1200000000, 1249999999, 1250000000, 1299999999, 1300000000, 1349999999, 1350000000, 1399999999, 1400000000, 1449999999, 1450000000, 1499999999, 1500000000, 1549999999, 1550000000, 1599999999, 1600000000, 1649999999, 1650000000, 1699999999, 1700000000, 1749999999, 1750000000, 1799999999, 1800000000, 1849999999, 1850000000, 1899999999, 1900000000, 1949999999, 1950000000, 1999999999, 2000000000, 2049999999, 2050000000, 2099999999, 2100000000, 2149999999, 2150000000, 2199999999, 2200000000, 2249999999, 2250000000, 2299999999, 2300000000, 2349999999, 2350000000, 2399999999, 2400000000, 2449999999, 2450000000, 2499999999, 2500000000, 2549999999, 2550000000, 2599999999, 2600000000, 2649999999, 2650000000, 2699999999, 2700000000, 2749999999, 2750000000, 2799999999, 2800000000, 2849999999, 2850000000, 2899999999, 2900000000, 2949999999, 2950000000, 2999999999, 3000000000, 3049999999, 3050000000, 3099999999, 3100000000, 3149999999, 3150000000, 3199999999));

// Starting run at generation <start>:
1 

// Initial random seed:
1792494913588

// RunInitializeCallbacks():
initializeTreeSeq();
initializeSex("A");
initializeMutationRate(0);
initializeMutationType(1, 0.5, "f", 0);
initializeGenomicElementType(1, m1, 1);
initializeGenomicElement(g1, 0, 3199999999);
initializeRecombinationRate(c(1e-08, 0.5, 1e-08, 0.5, 1e-08, 0.5, 1e-08, 0.5, 1e-08, 0.5, 1e-08, 0.5, 1e-08, 0.5, 1e-08, 0.5, 1e-08, 0.5, 1e-08, 0.5, 1e-08, 0.5, 1e-08, 0.5, 1e-08, 0.5, 1e-08, 0.5, 1e-08, 0.5, 1e-08, 0.5, 1e-08, 0.5, 1e-08, 0.5, 1e-08, 0.5, 1e-08, 0.5, 1e-08, 0.5, 1e-08, 0.5, 1e-08, 0.5, 1e-08, 0.5, 1e-08, 0.5, 1e-08, 0.5, 1e-08, 0.5, 1e-08, 0.5, 1e-08, 0.5, 1e-08, 0.5, 1e-08, 0.5, 1e-08, 0.5, 1e-08, 0.5, 1e-08, 0.5, 1e-08, 0.5, 1e-08, 0.5, 1e-08, 0.5, 1e-08, 0.5, 1e-08, 0.5, 1e-08, 0.5, 1e-08, 0.5, 1e-08, 0.5, 1e-08, 0.5, 1e-08, 0.5, 1e-08, 0.5, 1e-08, 0.5, 1e-08, 0.5, 1e-08, 0.5, 1e-08, 0.5, 1e-08, 0.5, 1e-08, 0.5, 1e-08, 0.5, 1e-08, 0.5, 1e-08, 0.5, 1e-08, 0.5, 1e-08, 0.5, 1e-08, 0.5, 1e-08, 0.5, 1e-08, 0.5, 1e-08, 0.5, 1e-08, 0.5, 1e-08, 0.5, 1e-08, 0.5, 1e-08), c(49999999, 50000000, 99999999, 100000000, 149999999, 150000000, 199999999, 200000000, 249999999, 250000000, 299999999, 300000000, 349999999, 350000000, 399999999, 400000000, 449999999, 450000000, 499999999, 500000000, 549999999, 550000000, 599999999, 600000000, 649999999, 650000000, 699999999, 700000000, 749999999, 750000000, 799999999, 800000000, 849999999, 850000000, 899999999, 900000000, 949999999, 950000000, 999999999, 1000000000, 1049999999, 1050000000, 1099999999, 1100000000, 1149999999, 1150000000, 1199999999, 1200000000, 1249999999, 1250000000, 1299999999, 1300000000, 1349999999, 1350000000, 1399999999, 1400000000, 1449999999, 1450000000, 1499999999, 1500000000, 1549999999, 1550000000, 1599999999, 1600000000, 1649999999, 1650000000, 1699999999, 1700000000, 1749999999, 1750000000, 1799999999, 1800000000, 1849999999, 1850000000, 1899999999, 1900000000, 1949999999, 1950000000, 1999999999, 2000000000, 2049999999, 2050000000, 2099999999, 2100000000, 2149999999, 2150000000, 2199999999, 2200000000, 2249999999, 2250000000, 2299999999, 2300000000, 2349999999, 2350000000, 2399999999, 2400000000, 2449999999, 2450000000, 2499999999, 2500000000, 2549999999, 2550000000, 2599999999, 2600000000, 2649999999, 2650000000, 2699999999, 2700000000, 2749999999, 2750000000, 2799999999, 2800000000, 2849999999, 2850000000, 2899999999, 2900000000, 2949999999, 2950000000, 2999999999, 3000000000, 3049999999, 3050000000, 3099999999, 3100000000, 3149999999, 3150000000, 3199999999));

// Starting run at generation <start>:
1 

// Initial random seed:
1792404898384

// RunInitializeCallbacks():
initializeTreeSeq();
initializeSex("A");
initializeMutationRate(0);
initializeMutationType(1, 0.5, "f", 0);
initializeGenomicElementType(1, m1, 1);
initializeGenomicElement(g1, 0, 3199999999);
initializeRecombinationRate(c(1e-08, 0.5, 1e-08, 0.5, 1e-08, 0.5, 1e-08, 0.5, 1e-08, 0.5, 1e-08, 0.5, 1e-08, 0.5, 1e-08, 0.5, 1e-08, 0.5, 1e-08, 0.5, 1e-08, 0.5, 1e-08, 0.5, 1e-08, 0.5, 1e-08, 0.5, 1e-08, 0.5, 1e-08, 0.5, 1e-08, 0.5, 1e-08, 0.5, 1e-08, 0.5, 1e-08, 0.5, 1e-08, 0.5, 1e-08, 0.5, 1e-08, 0.5, 1e-08, 0.5, 1e-08, 0.5, 1e-08, 0.5, 1e-08, 0.5, 1e-08, 0.5, 1e-08, 0.5, 1e-08, 0.5, 1e-08, 0.5, 1e-08, 0.5, 1e-08, 0.5, 1e-08, 0.5, 1e-08, 0.5, 1e-08, 0.5, 1e-08, 0.5, 1e-08, 0.5, 1e-08, 0.5, 1e-08, 0.5, 1e-08, 0.5, 1e-08, 0.5, 1e-08, 0.5, 1e-08, 0.5, 1e-08, 0.5, 1e-08, 0.5, 1e-08, 0.5, 1e-08, 0.5, 1e-08, 0.5, 1e-08, 0.5, 1e-08, 0.5, 1e-08, 0.5, 1e-08, 0.5, 1e-08, 0.5, 1e-08, 0.5, 1e-08, 0.5, 1e-08, 0.5, 1e-08, 0.5, 1e-08, 0.5, 1e-08, 0.5, 1e-08, 0.5, 1e-08, 0.5, 1e-08, 0.5, 1e-08), c(49999999, 50000000, 99999999, 100000000, 149999999, 150000000, 199999999, 200000000, 249999999, 250000000, 299999999, 300000000, 349999999, 350000000, 399999999, 400000000, 449999999, 450000000, 499999999, 500000000, 549999999, 550000000, 599999999, 600000000, 649999999, 650000000, 699999999, 700000000, 749999999, 750000000, 799999999, 800000000, 849999999, 850000000, 899999999, 900000000, 949999999, 950000000, 999999999, 1000000000, 1049999999, 1050000000, 1099999999, 1100000000, 1149999999, 1150000000, 1199999999, 1200000000, 1249999999, 1250000000, 1299999999, 1300000000, 1349999999, 1350000000, 1399999999, 1400000000, 1449999999, 1450000000, 1499999999, 1500000000, 1549999999, 1550000000, 1599999999, 1600000000, 1649999999, 1650000000, 1699999999, 1700000000, 1749999999, 1750000000, 1799999999, 1800000000, 1849999999, 1850000000, 1899999999, 1900000000, 1949999999, 1950000000, 1999999999, 2000000000, 2049999999, 2050000000, 2099999999, 2100000000, 2149999999, 2150000000, 2199999999, 2200000000, 2249999999, 2250000000, 2299999999, 2300000000, 2349999999, 2350000000, 2399999999, 2400000000, 2449999999, 2450000000, 2499999999, 2500000000, 2549999999, 2550000000, 2599999999, 2600000000, 2649999999, 2650000000, 2699999999, 2700000000, 2749999999, 2750000000, 2799999999, 2800000000, 2849999999, 2850000000, 2899999999, 2900000000, 2949999999, 2950000000, 2999999999, 3000000000, 3049999999, 3050000000, 3099999999, 3100000000, 3149999999, 3150000000, 3199999999));

// Starting run at generation <start>:
1 

// Initial random seed:
1792384897872

// RunInitializeCallbacks():
initializeTreeSeq();
initializeSex("A");
initializeMutationRate(0);
initializeMutationType(1, 0.5, "f", 0);
initializeGenomicElementType(1, m1, 1);
initializeGenomicElement(g1, 0, 3199999999);
initializeRecombinationRate(c(1e-08, 0.5, 1e-08, 0.5, 1e-08, 0.5, 1e-08, 0.5, 1e-08, 0.5, 1e-08, 0.5, 1e-08, 0.5, 1e-08, 0.5, 1e-08, 0.5, 1e-08, 0.5, 1e-08, 0.5, 1e-08, 0.5, 1e-08, 0.5, 1e-08, 0.5, 1e-08, 0.5, 1e-08, 0.5, 1e-08, 0.5, 1e-08, 0.5, 1e-08, 0.5, 1e-08, 0.5, 1e-08, 0.5, 1e-08, 0.5, 1e-08, 0.5, 1e-08, 0.5, 1e-08, 0.5, 1e-08, 0.5, 1e-08, 0.5, 1e-08, 0.5, 1e-08, 0.5, 1e-08, 0.5, 1e-08, 0.5, 1e-08, 0.5, 1e-08, 0.5, 1e-08, 0.5, 1e-08, 0.5, 1e-08, 0.5, 1e-08, 0.5, 1e-08, 0.5, 1e-08, 0.5, 1e-08, 0.5, 1e-08, 0.5, 1e-08, 0.5, 1e-08, 0.5, 1e-08, 0.5, 1e-08, 0.5, 1e-08, 0.5, 1e-08, 0.5, 1e-08, 0.5, 1e-08, 0.5, 1e-08, 0.5, 1e-08, 0.5, 1e-08, 0.5, 1e-08, 0.5, 1e-08, 0.5, 1e-08, 0.5, 1e-08, 0.5, 1e-08, 0.5, 1e-08, 0.5, 1e-08, 0.5, 1e-08, 0.5, 1e-08, 0.5, 1e-08, 0.5, 1e-08, 0.5, 1e-08), c(49999999, 50000000, 99999999, 100000000, 149999999, 150000000, 199999999, 200000000, 249999999, 250000000, 299999999, 300000000, 349999999, 350000000, 399999999, 400000000, 449999999, 450000000, 499999999, 500000000, 549999999, 550000000, 599999999, 600000000, 649999999, 650000000, 699999999, 700000000, 749999999, 750000000, 799999999, 800000000, 849999999, 850000000, 899999999, 900000000, 949999999, 950000000, 999999999, 1000000000, 1049999999, 1050000000, 1099999999, 1100000000, 1149999999, 1150000000, 1199999999, 1200000000, 1249999999, 1250000000, 1299999999, 1300000000, 1349999999, 1350000000, 1399999999, 1400000000, 1449999999, 1450000000, 1499999999, 1500000000, 1549999999, 1550000000, 1599999999, 1600000000, 1649999999, 1650000000, 1699999999, 1700000000, 1749999999, 1750000000, 1799999999, 1800000000, 1849999999, 1850000000, 1899999999, 1900000000, 1949999999, 1950000000, 1999999999, 2000000000, 2049999999, 2050000000, 2099999999, 2100000000, 2149999999, 2150000000, 2199999999, 2200000000, 2249999999, 2250000000, 2299999999, 2300000000, 2349999999, 2350000000, 2399999999, 2400000000, 2449999999, 2450000000, 2499999999, 2500000000, 2549999999, 2550000000, 2599999999, 2600000000, 2649999999, 2650000000, 2699999999, 2700000000, 2749999999, 2750000000, 2799999999, 2800000000, 2849999999, 2850000000, 2899999999, 2900000000, 2949999999, 2950000000, 2999999999, 3000000000, 3049999999, 3050000000, 3099999999, 3100000000, 3149999999, 3150000000, 3199999999));

// Starting run at generation <start>:
1 

